Build started 3/8/2013 1:25:38 PM.
     1>Project "C:\Users\aske7\Dropbox\DIKU\Bachelor\udvikling\files\openframeworks\apps\myApps\DianShou_of\DianShou_of.vcxproj" on node 2 (Build target(s)).
     1>ClCompile:
         C:\Program Files\Microsoft Visual Studio 11.0\VC\bin\CL.exe /c /IC:\Users\aske7\Dropbox\DIKU\Bachelor\udvikling\files\openframeworks\addons\ofxOsc\libs\oscpack\src\osc /IC:\Users\aske7\Dropbox\DIKU\Bachelor\udvikling\files\openframeworks\addons\ofxOsc\libs\oscpack\src\ip\posix /IC:\Users\aske7\Dropbox\DIKU\Bachelor\udvikling\files\openframeworks\addons\ofxOsc\libs\oscpack\src\ip\win32 /IC:\Users\aske7\Dropbox\DIKU\Bachelor\udvikling\files\openframeworks\addons\ofxOsc\libs\oscpack\src\ip /IC:\Users\aske7\Dropbox\DIKU\Bachelor\udvikling\files\openframeworks\addons\ofxOsc\libs\oscpack\src /IC:\Users\aske7\Dropbox\DIKU\Bachelor\udvikling\files\openframeworks\addons\ofxOsc\src /IC:\Users\aske7\Dropbox\DIKU\Bachelor\udvikling\files\openframeworks\addons\ofxXmlSettings\libs /IC:\Users\aske7\Dropbox\DIKU\Bachelor\udvikling\files\openframeworks\addons\ofxXmlSettings\src /IC:\Users\aske7\Dropbox\DIKU\Bachelor\udvikling\files\openframeworks\addons\ofxUI\ /IC:\Users\aske7\Dropbox\DIKU\Bachelor\udvikling\files\openframeworks\addons\ofxUI\src /IC:\Users\aske7\Dropbox\DIKU\Bachelor\udvikling\files\openframeworks\addons\ofxSQLite\lib\sqlite /IC:\Users\aske7\Dropbox\DIKU\Bachelor\udvikling\files\openframeworks\addons\ofxSQLite\lib /IC:\Users\aske7\Dropbox\DIKU\Bachelor\udvikling\files\openframeworks\addons\ofxSQLite /IC:\Users\aske7\Dropbox\DIKU\Bachelor\udvikling\files\openframeworks\addons\ofxFTGLFont /IC:\Users\aske7\Dropbox\DIKU\Bachelor\udvikling\files\openframeworks\libs\FTGL\include\2012 /I..\..\..\libs\openFrameworks /I..\..\..\libs\openFrameworks\graphics /I..\..\..\libs\openFrameworks\app /I..\..\..\libs\openFrameworks\sound /I..\..\..\libs\openFrameworks\utils /I..\..\..\libs\openFrameworks\communication /I..\..\..\libs\openFrameworks\video /I..\..\..\libs\openFrameworks\types /I..\..\..\libs\openFrameworks\math /I..\..\..\libs\openFrameworks\3d /I..\..\..\libs\openFrameworks\gl /I..\..\..\libs\openFrameworks\events /I..\..\..\libs\glut\include /I..\..\..\libs\rtAudio\include /I..\..\..\libs\quicktime\include /I..\..\..\libs\freetype\include /I..\..\..\libs\freetype\include\freetype2 /I..\..\..\libs\freeImage\include /I..\..\..\libs\fmodex\include /I..\..\..\libs\videoInput\include /I..\..\..\libs\glew\include\ /I..\..\..\libs\glu\include /I..\..\..\libs\tess2\include /I..\..\..\libs\cairo\include\cairo /I..\..\..\libs\poco\include /I..\..\..\addons /ZI /nologo /W3 /WX- /Od /Oy- /D WIN32 /D _DEBUG /D _CONSOLE /D POCO_STATIC /D CAIRO_WIN32_STATIC_BUILD /D DISABLE_SOME_FLOATING_POINT /D _UNICODE /D UNICODE /Gm /EHsc /RTC1 /MDd /GS /fp:precise /Zc:wchar_t /Zc:forScope /Fo"obj\Debug\\" /Fd"obj\Debug\vc110.pdb" /Gd /TP /analyze- /errorReport:prompt ..\..\..\addons\ofxFTGLFont\ofxFTGLFont.cpp ..\..\..\addons\ofxSQLite\ofxSQLite.cpp ..\..\..\addons\ofxSQLite\ofxSQLiteAbstract.cpp ..\..\..\addons\ofxSQLite\ofxSQLiteDelete.cpp ..\..\..\addons\ofxSQLite\ofxSQLiteFieldValues.cpp ..\..\..\addons\ofxSQLite\ofxSQLiteInsert.cpp ..\..\..\addons\ofxSQLite\ofxSQLiteSelect.cpp ..\..\..\addons\ofxSQLite\ofxSQLiteSimpler.cpp ..\..\..\addons\ofxSQLite\ofxSQLiteUpdate.cpp "src\$1\lib\GeometricRecognizer.cpp" src\LeapListener.cpp src\main.cpp src\DianShou.cpp src\StrokeRecognizer.cpp src\TextInput\textInput.cpp
         textInput.cpp
     1>c:\users\aske7\dropbox\diku\bachelor\udvikling\files\openframeworks\libs\openframeworks\utils\offileutils.h(194): warning C4250: 'ofFile' : inherits 'std::basic_istream<_Elem,_Traits>::std::basic_istream<_Elem,_Traits>::_Add_vtordisp1' via dominance
                 with
                 [
                     _Elem=char,
                     _Traits=std::char_traits<char>
                 ]
                 c:\program files\microsoft visual studio 11.0\vc\include\istream(74) : see declaration of 'std::basic_istream<_Elem,_Traits>::_Add_vtordisp1'
                 with
                 [
                     _Elem=char,
                     _Traits=std::char_traits<char>
                 ]
     1>c:\users\aske7\dropbox\diku\bachelor\udvikling\files\openframeworks\libs\openframeworks\utils\offileutils.h(194): warning C4250: 'ofFile' : inherits 'std::basic_ostream<_Elem,_Traits>::std::basic_ostream<_Elem,_Traits>::_Add_vtordisp2' via dominance
                 with
                 [
                     _Elem=char,
                     _Traits=std::char_traits<char>
                 ]
                 c:\program files\microsoft visual studio 11.0\vc\include\ostream(90) : see declaration of 'std::basic_ostream<_Elem,_Traits>::_Add_vtordisp2'
                 with
                 [
                     _Elem=char,
                     _Traits=std::char_traits<char>
                 ]
         StrokeRecognizer.cpp
     1>c:\users\aske7\dropbox\diku\bachelor\udvikling\files\openframeworks\libs\openframeworks\utils\offileutils.h(194): warning C4250: 'ofFile' : inherits 'std::basic_istream<_Elem,_Traits>::std::basic_istream<_Elem,_Traits>::_Add_vtordisp1' via dominance
                 with
                 [
                     _Elem=char,
                     _Traits=std::char_traits<char>
                 ]
                 c:\program files\microsoft visual studio 11.0\vc\include\istream(74) : see declaration of 'std::basic_istream<_Elem,_Traits>::_Add_vtordisp1'
                 with
                 [
                     _Elem=char,
                     _Traits=std::char_traits<char>
                 ]
     1>c:\users\aske7\dropbox\diku\bachelor\udvikling\files\openframeworks\libs\openframeworks\utils\offileutils.h(194): warning C4250: 'ofFile' : inherits 'std::basic_ostream<_Elem,_Traits>::std::basic_ostream<_Elem,_Traits>::_Add_vtordisp2' via dominance
                 with
                 [
                     _Elem=char,
                     _Traits=std::char_traits<char>
                 ]
                 c:\program files\microsoft visual studio 11.0\vc\include\ostream(90) : see declaration of 'std::basic_ostream<_Elem,_Traits>::_Add_vtordisp2'
                 with
                 [
                     _Elem=char,
                     _Traits=std::char_traits<char>
                 ]
         DianShou.cpp
     1>c:\users\aske7\dropbox\diku\bachelor\udvikling\files\openframeworks\libs\openframeworks\utils\offileutils.h(194): warning C4250: 'ofFile' : inherits 'std::basic_istream<_Elem,_Traits>::std::basic_istream<_Elem,_Traits>::_Add_vtordisp1' via dominance
                 with
                 [
                     _Elem=char,
                     _Traits=std::char_traits<char>
                 ]
                 c:\program files\microsoft visual studio 11.0\vc\include\istream(74) : see declaration of 'std::basic_istream<_Elem,_Traits>::_Add_vtordisp1'
                 with
                 [
                     _Elem=char,
                     _Traits=std::char_traits<char>
                 ]
     1>c:\users\aske7\dropbox\diku\bachelor\udvikling\files\openframeworks\libs\openframeworks\utils\offileutils.h(194): warning C4250: 'ofFile' : inherits 'std::basic_ostream<_Elem,_Traits>::std::basic_ostream<_Elem,_Traits>::_Add_vtordisp2' via dominance
                 with
                 [
                     _Elem=char,
                     _Traits=std::char_traits<char>
                 ]
                 c:\program files\microsoft visual studio 11.0\vc\include\ostream(90) : see declaration of 'std::basic_ostream<_Elem,_Traits>::_Add_vtordisp2'
                 with
                 [
                     _Elem=char,
                     _Traits=std::char_traits<char>
                 ]
     1>c:\users\aske7\dropbox\diku\bachelor\udvikling\files\openframeworks\apps\myapps\dianshou_of\leap\leap\leapmath.h(21): warning C4005: 'PI' : macro redefinition
                 c:\users\aske7\dropbox\diku\bachelor\udvikling\files\openframeworks\libs\openframeworks\utils\ofconstants.h(320) : see previous definition of 'PI'
     1>c:\users\aske7\dropbox\diku\bachelor\udvikling\files\openframeworks\apps\myapps\dianshou_of\leap\leap\leapmath.h(27): warning C4005: 'DEG_TO_RAD' : macro redefinition
                 c:\users\aske7\dropbox\diku\bachelor\udvikling\files\openframeworks\libs\openframeworks\utils\ofconstants.h(340) : see previous definition of 'DEG_TO_RAD'
     1>c:\users\aske7\dropbox\diku\bachelor\udvikling\files\openframeworks\apps\myapps\dianshou_of\leap\leap\leapmath.h(33): warning C4005: 'RAD_TO_DEG' : macro redefinition
                 c:\users\aske7\dropbox\diku\bachelor\udvikling\files\openframeworks\libs\openframeworks\utils\ofconstants.h(344) : see previous definition of 'RAD_TO_DEG'
         main.cpp
     1>c:\users\aske7\dropbox\diku\bachelor\udvikling\files\openframeworks\libs\openframeworks\utils\offileutils.h(194): warning C4250: 'ofFile' : inherits 'std::basic_istream<_Elem,_Traits>::std::basic_istream<_Elem,_Traits>::_Add_vtordisp1' via dominance
                 with
                 [
                     _Elem=char,
                     _Traits=std::char_traits<char>
                 ]
                 c:\program files\microsoft visual studio 11.0\vc\include\istream(74) : see declaration of 'std::basic_istream<_Elem,_Traits>::_Add_vtordisp1'
                 with
                 [
                     _Elem=char,
                     _Traits=std::char_traits<char>
                 ]
     1>c:\users\aske7\dropbox\diku\bachelor\udvikling\files\openframeworks\libs\openframeworks\utils\offileutils.h(194): warning C4250: 'ofFile' : inherits 'std::basic_ostream<_Elem,_Traits>::std::basic_ostream<_Elem,_Traits>::_Add_vtordisp2' via dominance
                 with
                 [
                     _Elem=char,
                     _Traits=std::char_traits<char>
                 ]
                 c:\program files\microsoft visual studio 11.0\vc\include\ostream(90) : see declaration of 'std::basic_ostream<_Elem,_Traits>::_Add_vtordisp2'
                 with
                 [
                     _Elem=char,
                     _Traits=std::char_traits<char>
                 ]
     1>c:\users\aske7\dropbox\diku\bachelor\udvikling\files\openframeworks\apps\myapps\dianshou_of\leap\leap\leapmath.h(21): warning C4005: 'PI' : macro redefinition
                 c:\users\aske7\dropbox\diku\bachelor\udvikling\files\openframeworks\libs\openframeworks\utils\ofconstants.h(320) : see previous definition of 'PI'
     1>c:\users\aske7\dropbox\diku\bachelor\udvikling\files\openframeworks\apps\myapps\dianshou_of\leap\leap\leapmath.h(27): warning C4005: 'DEG_TO_RAD' : macro redefinition
                 c:\users\aske7\dropbox\diku\bachelor\udvikling\files\openframeworks\libs\openframeworks\utils\ofconstants.h(340) : see previous definition of 'DEG_TO_RAD'
     1>c:\users\aske7\dropbox\diku\bachelor\udvikling\files\openframeworks\apps\myapps\dianshou_of\leap\leap\leapmath.h(33): warning C4005: 'RAD_TO_DEG' : macro redefinition
                 c:\users\aske7\dropbox\diku\bachelor\udvikling\files\openframeworks\libs\openframeworks\utils\ofconstants.h(344) : see previous definition of 'RAD_TO_DEG'
     1>c:\users\aske7\dropbox\diku\bachelor\udvikling\files\openframeworks\addons\ofxui\src\ofxuicanvas.h(1132): warning C4141: 'virtual' : used more than once
         LeapListener.cpp
         GeometricRecognizer.cpp
     1>c:\users\aske7\dropbox\diku\bachelor\udvikling\files\openframeworks\apps\myapps\dianshou_of\src\$1\lib\geometricrecognizer.cpp(472): warning C4018: '<' : signed/unsigned mismatch
     1>c:\users\aske7\dropbox\diku\bachelor\udvikling\files\openframeworks\apps\myapps\dianshou_of\src\$1\lib\geometricrecognizer.cpp(474): warning C4018: '<' : signed/unsigned mismatch
     1>c:\users\aske7\dropbox\diku\bachelor\udvikling\files\openframeworks\apps\myapps\dianshou_of\src\$1\lib\geometricrecognizer.cpp(527): warning C4018: '<' : signed/unsigned mismatch
     1>c:\users\aske7\dropbox\diku\bachelor\udvikling\files\openframeworks\apps\myapps\dianshou_of\src\$1\lib\geometricrecognizer.cpp(533): warning C4018: '<' : signed/unsigned mismatch
     1>c:\users\aske7\dropbox\diku\bachelor\udvikling\files\openframeworks\apps\myapps\dianshou_of\src\$1\lib\geometricrecognizer.cpp(534): warning C4258: 'i' : definition from the for loop is ignored; the definition from the enclosing scope is used
                 c:\users\aske7\dropbox\diku\bachelor\udvikling\files\openframeworks\apps\myapps\dianshou_of\src\$1\lib\geometricrecognizer.cpp(527) : definition of 'i' ignored
                 c:\users\aske7\dropbox\diku\bachelor\udvikling\files\openframeworks\apps\myapps\dianshou_of\src\$1\lib\geometricrecognizer.cpp(514) : definition of 'i' used
     1>c:\users\aske7\dropbox\diku\bachelor\udvikling\files\openframeworks\apps\myapps\dianshou_of\src\$1\lib\geometricrecognizer.cpp(548): warning C4018: '<' : signed/unsigned mismatch
     1>c:\users\aske7\dropbox\diku\bachelor\udvikling\files\openframeworks\apps\myapps\dianshou_of\src\$1\lib\geometricrecognizer.cpp(555): warning C4018: '<' : signed/unsigned mismatch
     1>c:\users\aske7\dropbox\diku\bachelor\udvikling\files\openframeworks\apps\myapps\dianshou_of\src\$1\lib\geometricrecognizer.cpp(576): warning C4018: '<' : signed/unsigned mismatch
     1>c:\users\aske7\dropbox\diku\bachelor\udvikling\files\openframeworks\apps\myapps\dianshou_of\src\$1\lib\geometricrecognizer.cpp(633): warning C4244: 'argument' : conversion from 'double' to 'unsigned int', possible loss of data
     1>c:\users\aske7\dropbox\diku\bachelor\udvikling\files\openframeworks\apps\myapps\dianshou_of\src\$1\lib\geometricrecognizer.cpp(653): warning C4018: '<' : signed/unsigned mismatch
     1>c:\users\aske7\dropbox\diku\bachelor\udvikling\files\openframeworks\apps\myapps\dianshou_of\src\$1\lib\geometricrecognizer.cpp(662): warning C4018: '<' : signed/unsigned mismatch
     1>c:\users\aske7\dropbox\diku\bachelor\udvikling\files\openframeworks\apps\myapps\dianshou_of\src\$1\lib\geometricrecognizer.cpp(714): warning C4018: '<' : signed/unsigned mismatch
         ofxSQLiteUpdate.cpp
     1>c:\users\aske7\dropbox\diku\bachelor\udvikling\files\openframeworks\addons\ofxsqlite\ofxsqliteupdate.h(10): warning C4099: 'sqlite3' : type name first seen using 'struct' now seen using 'class'
                 c:\users\aske7\dropbox\diku\bachelor\udvikling\files\openframeworks\addons\ofxsqlite\lib\sqlite\sqlite3.h(174) : see declaration of 'sqlite3'
         ofxSQLiteSimpler.cpp
         ofxSQLiteSelect.cpp
     1>c:\users\aske7\dropbox\diku\bachelor\udvikling\files\openframeworks\addons\ofxsqlite\ofxsqliteselect.cpp(53): warning C4018: '<' : signed/unsigned mismatch
     1>c:\users\aske7\dropbox\diku\bachelor\udvikling\files\openframeworks\addons\ofxsqlite\ofxsqliteselect.cpp(79): warning C4018: '<' : signed/unsigned mismatch
     1>c:\users\aske7\dropbox\diku\bachelor\udvikling\files\openframeworks\addons\ofxsqlite\ofxsqliteselect.cpp(80): warning C4018: '<' : signed/unsigned mismatch
     1>c:\users\aske7\dropbox\diku\bachelor\udvikling\files\openframeworks\addons\ofxsqlite\ofxsqliteselect.cpp(164): warning C4244: 'return' : conversion from 'double' to 'float', possible loss of data
     1>c:\users\aske7\dropbox\diku\bachelor\udvikling\files\openframeworks\addons\ofxsqlite\ofxsqliteselect.cpp(197): warning C4018: '>' : signed/unsigned mismatch
     1>c:\users\aske7\dropbox\diku\bachelor\udvikling\files\openframeworks\addons\ofxsqlite\ofxsqliteselect.cpp(205): warning C4018: '<' : signed/unsigned mismatch
     1>c:\users\aske7\dropbox\diku\bachelor\udvikling\files\openframeworks\addons\ofxsqlite\ofxsqliteselect.cpp(207): warning C4018: '<' : signed/unsigned mismatch
         ofxSQLiteInsert.cpp
     1>c:\users\aske7\dropbox\diku\bachelor\udvikling\files\openframeworks\addons\ofxsqlite\ofxsqliteabstract.h(9): warning C4099: 'sqlite3' : type name first seen using 'struct' now seen using 'class'
                 c:\users\aske7\dropbox\diku\bachelor\udvikling\files\openframeworks\addons\ofxsqlite\lib\sqlite\sqlite3.h(174) : see declaration of 'sqlite3'
     1>c:\users\aske7\dropbox\diku\bachelor\udvikling\files\openframeworks\addons\ofxsqlite\ofxsqliteinsert.h(10): warning C4099: 'sqlite3' : type name first seen using 'struct' now seen using 'class'
                 c:\users\aske7\dropbox\diku\bachelor\udvikling\files\openframeworks\addons\ofxsqlite\lib\sqlite\sqlite3.h(174) : see declaration of 'sqlite3'
     1>c:\users\aske7\dropbox\diku\bachelor\udvikling\files\openframeworks\addons\ofxsqlite\ofxsqliteupdate.h(10): warning C4099: 'sqlite3' : type name first seen using 'struct' now seen using 'class'
                 c:\users\aske7\dropbox\diku\bachelor\udvikling\files\openframeworks\addons\ofxsqlite\lib\sqlite\sqlite3.h(174) : see declaration of 'sqlite3'
     1>c:\users\aske7\dropbox\diku\bachelor\udvikling\files\openframeworks\addons\ofxsqlite\ofxsqlitedelete.h(10): warning C4099: 'sqlite3' : type name first seen using 'struct' now seen using 'class'
                 c:\users\aske7\dropbox\diku\bachelor\udvikling\files\openframeworks\addons\ofxsqlite\lib\sqlite\sqlite3.h(174) : see declaration of 'sqlite3'
         ofxSQLiteFieldValues.cpp
     1>c:\users\aske7\dropbox\diku\bachelor\udvikling\files\openframeworks\addons\ofxsqlite\ofxsqlitefieldvalues.cpp(100): warning C4018: '<' : signed/unsigned mismatch
         ofxSQLiteDelete.cpp
     1>c:\users\aske7\dropbox\diku\bachelor\udvikling\files\openframeworks\addons\ofxsqlite\ofxsqlitedelete.h(10): warning C4099: 'sqlite3' : type name first seen using 'struct' now seen using 'class'
                 c:\users\aske7\dropbox\diku\bachelor\udvikling\files\openframeworks\addons\ofxsqlite\lib\sqlite\sqlite3.h(174) : see declaration of 'sqlite3'
         ofxSQLiteAbstract.cpp
     1>c:\users\aske7\dropbox\diku\bachelor\udvikling\files\openframeworks\addons\ofxsqlite\lib\sqlite\sqlite3.h(174): warning C4099: 'sqlite3' : type name first seen using 'class' now seen using 'struct'
                 c:\users\aske7\dropbox\diku\bachelor\udvikling\files\openframeworks\addons\ofxsqlite\ofxsqliteabstract.h(9) : see declaration of 'sqlite3'
         ofxSQLite.cpp
     1>c:\users\aske7\dropbox\diku\bachelor\udvikling\files\openframeworks\addons\ofxsqlite\ofxsqliteabstract.h(9): warning C4099: 'sqlite3' : type name first seen using 'struct' now seen using 'class'
                 c:\users\aske7\dropbox\diku\bachelor\udvikling\files\openframeworks\addons\ofxsqlite\lib\sqlite\sqlite3.h(174) : see declaration of 'sqlite3'
     1>c:\users\aske7\dropbox\diku\bachelor\udvikling\files\openframeworks\addons\ofxsqlite\ofxsqliteinsert.h(10): warning C4099: 'sqlite3' : type name first seen using 'struct' now seen using 'class'
                 c:\users\aske7\dropbox\diku\bachelor\udvikling\files\openframeworks\addons\ofxsqlite\lib\sqlite\sqlite3.h(174) : see declaration of 'sqlite3'
     1>c:\users\aske7\dropbox\diku\bachelor\udvikling\files\openframeworks\addons\ofxsqlite\ofxsqliteupdate.h(10): warning C4099: 'sqlite3' : type name first seen using 'struct' now seen using 'class'
                 c:\users\aske7\dropbox\diku\bachelor\udvikling\files\openframeworks\addons\ofxsqlite\lib\sqlite\sqlite3.h(174) : see declaration of 'sqlite3'
     1>c:\users\aske7\dropbox\diku\bachelor\udvikling\files\openframeworks\addons\ofxsqlite\ofxsqlitedelete.h(10): warning C4099: 'sqlite3' : type name first seen using 'struct' now seen using 'class'
                 c:\users\aske7\dropbox\diku\bachelor\udvikling\files\openframeworks\addons\ofxsqlite\lib\sqlite\sqlite3.h(174) : see declaration of 'sqlite3'
     1>c:\users\aske7\dropbox\diku\bachelor\udvikling\files\openframeworks\addons\ofxsqlite\ofxsqlite.cpp(62): warning C4244: 'return' : conversion from 'sqlite3_int64' to 'int', possible loss of data
         ofxFTGLFont.cpp
     1>c:\users\aske7\dropbox\diku\bachelor\udvikling\files\openframeworks\libs\openframeworks\utils\offileutils.h(194): warning C4250: 'ofFile' : inherits 'std::basic_istream<_Elem,_Traits>::std::basic_istream<_Elem,_Traits>::_Add_vtordisp1' via dominance
                 with
                 [
                     _Elem=char,
                     _Traits=std::char_traits<char>
                 ]
                 c:\program files\microsoft visual studio 11.0\vc\include\istream(74) : see declaration of 'std::basic_istream<_Elem,_Traits>::_Add_vtordisp1'
                 with
                 [
                     _Elem=char,
                     _Traits=std::char_traits<char>
                 ]
     1>c:\users\aske7\dropbox\diku\bachelor\udvikling\files\openframeworks\libs\openframeworks\utils\offileutils.h(194): warning C4250: 'ofFile' : inherits 'std::basic_ostream<_Elem,_Traits>::std::basic_ostream<_Elem,_Traits>::_Add_vtordisp2' via dominance
                 with
                 [
                     _Elem=char,
                     _Traits=std::char_traits<char>
                 ]
                 c:\program files\microsoft visual studio 11.0\vc\include\ostream(90) : see declaration of 'std::basic_ostream<_Elem,_Traits>::_Add_vtordisp2'
                 with
                 [
                     _Elem=char,
                     _Traits=std::char_traits<char>
                 ]
         Generating Code...
     1>c:\users\aske7\dropbox\diku\bachelor\udvikling\files\openframeworks\addons\ofxftglfont\ofxftglfont.cpp(71): warning C4715: 'ofxFTGLFont::getChar' : not all control paths return a value
         C:\Program Files\Microsoft Visual Studio 11.0\VC\bin\CL.exe /c /IC:\Users\aske7\Dropbox\DIKU\Bachelor\udvikling\files\openframeworks\addons\ofxOsc\libs\oscpack\src\osc /IC:\Users\aske7\Dropbox\DIKU\Bachelor\udvikling\files\openframeworks\addons\ofxOsc\libs\oscpack\src\ip\posix /IC:\Users\aske7\Dropbox\DIKU\Bachelor\udvikling\files\openframeworks\addons\ofxOsc\libs\oscpack\src\ip\win32 /IC:\Users\aske7\Dropbox\DIKU\Bachelor\udvikling\files\openframeworks\addons\ofxOsc\libs\oscpack\src\ip /IC:\Users\aske7\Dropbox\DIKU\Bachelor\udvikling\files\openframeworks\addons\ofxOsc\libs\oscpack\src /IC:\Users\aske7\Dropbox\DIKU\Bachelor\udvikling\files\openframeworks\addons\ofxOsc\src /IC:\Users\aske7\Dropbox\DIKU\Bachelor\udvikling\files\openframeworks\addons\ofxXmlSettings\libs /IC:\Users\aske7\Dropbox\DIKU\Bachelor\udvikling\files\openframeworks\addons\ofxXmlSettings\src /IC:\Users\aske7\Dropbox\DIKU\Bachelor\udvikling\files\openframeworks\addons\ofxUI\ /IC:\Users\aske7\Dropbox\DIKU\Bachelor\udvikling\files\openframeworks\addons\ofxUI\src /IC:\Users\aske7\Dropbox\DIKU\Bachelor\udvikling\files\openframeworks\addons\ofxSQLite\lib\sqlite /IC:\Users\aske7\Dropbox\DIKU\Bachelor\udvikling\files\openframeworks\addons\ofxSQLite\lib /IC:\Users\aske7\Dropbox\DIKU\Bachelor\udvikling\files\openframeworks\addons\ofxSQLite /IC:\Users\aske7\Dropbox\DIKU\Bachelor\udvikling\files\openframeworks\addons\ofxFTGLFont /IC:\Users\aske7\Dropbox\DIKU\Bachelor\udvikling\files\openframeworks\libs\FTGL\include\2012 /I..\..\..\libs\openFrameworks /I..\..\..\libs\openFrameworks\graphics /I..\..\..\libs\openFrameworks\app /I..\..\..\libs\openFrameworks\sound /I..\..\..\libs\openFrameworks\utils /I..\..\..\libs\openFrameworks\communication /I..\..\..\libs\openFrameworks\video /I..\..\..\libs\openFrameworks\types /I..\..\..\libs\openFrameworks\math /I..\..\..\libs\openFrameworks\3d /I..\..\..\libs\openFrameworks\gl /I..\..\..\libs\openFrameworks\events /I..\..\..\libs\glut\include /I..\..\..\libs\rtAudio\include /I..\..\..\libs\quicktime\include /I..\..\..\libs\freetype\include /I..\..\..\libs\freetype\include\freetype2 /I..\..\..\libs\freeImage\include /I..\..\..\libs\fmodex\include /I..\..\..\libs\videoInput\include /I..\..\..\libs\glew\include\ /I..\..\..\libs\glu\include /I..\..\..\libs\tess2\include /I..\..\..\libs\cairo\include\cairo /I..\..\..\libs\poco\include /I..\..\..\addons /ZI /nologo /W3 /WX- /Od /Oy- /D WIN32 /D _DEBUG /D _CONSOLE /D POCO_STATIC /D CAIRO_WIN32_STATIC_BUILD /D DISABLE_SOME_FLOATING_POINT /D _UNICODE /D UNICODE /Gm /EHsc /RTC1 /MDd /GS /fp:precise /Zc:wchar_t /Zc:forScope /Fo"obj\Debug\\" /Fd"obj\Debug\vc110.pdb" /Gd /TC /analyze- /errorReport:prompt ..\..\..\addons\ofxSQLite\lib\sqlite\sqlite3.c
         sqlite3.c
       Link:
         C:\Program Files\Microsoft Visual Studio 11.0\VC\bin\link.exe /ERRORREPORT:PROMPT /OUT:"bin\DianShou_of_debug.exe" /INCREMENTAL /NOLOGO /LIBPATH:C:\Users\aske7\Dropbox\DIKU\Bachelor\udvikling\files\openframeworks\libs\FTGL\lib\vs2012 /LIBPATH:C:\Users\aske7\Dropbox\DIKU\Bachelor\udvikling\files\openframeworks\apps\myApps\DianShou_of\Leap\lib\x86 /LIBPATH:..\..\..\libs\glut\lib\vs2010 /LIBPATH:..\..\..\libs\rtAudio\lib\vs2010 /LIBPATH:..\..\..\libs\FreeImage\lib\vs2010 /LIBPATH:..\..\..\libs\freetype\lib\vs2010 /LIBPATH:..\..\..\libs\quicktime\lib\vs2010 /LIBPATH:..\..\..\libs\fmodex\lib\vs2010 /LIBPATH:..\..\..\libs\videoInput\lib\vs2010 /LIBPATH:..\..\..\libs\cairo\lib\vs2010 /LIBPATH:..\..\..\libs\glew\lib\vs2010 /LIBPATH:..\..\..\libs\glu\lib\vs2010 /LIBPATH:..\..\..\libs\Poco\lib\vs2010 /LIBPATH:..\..\..\libs\tess2\lib\vs2010 Leapd.lib kernel32.lib user32.lib gdi32.lib winspool.lib comdlg32.lib advapi32.lib shell32.lib ole32.lib oleaut32.lib uuid.lib odbc32.lib odbccp32.lib ftgl.lib "cairo-static.lib" "pixman-1.lib" msimg32.lib OpenGL32.lib GLu32.lib kernel32.lib setupapi.lib Vfw32.lib comctl32.lib glut32.lib rtAudioD.lib videoInput.lib libfreetype.lib FreeImage.lib qtmlClient.lib dsound.lib user32.lib gdi32.lib winspool.lib comdlg32.lib advapi32.lib shell32.lib ole32.lib oleaut32.lib uuid.lib glew32s.lib fmodex_vc.lib glu32.lib PocoFoundationmdd.lib PocoNetmdd.lib PocoUtilmdd.lib PocoXMLmdd.lib Ws2_32.lib tess2.lib kernel32.lib user32.lib gdi32.lib winspool.lib comdlg32.lib advapi32.lib shell32.lib ole32.lib oleaut32.lib uuid.lib odbc32.lib odbccp32.lib /NODEFAULTLIB:PocoFoundationd.lib /NODEFAULTLIB:atlthunk.lib /NODEFAULTLIB:LIBC.lib /NODEFAULTLIB:LIBCMT /NODEFAULTLIB:msvcrt.lib /MANIFEST /MANIFESTUAC:"level='asInvoker' uiAccess='false'" /manifest:embed /DEBUG /PDB:"C:\Users\aske7\Dropbox\DIKU\Bachelor\udvikling\files\openframeworks\apps\myApps\DianShou_of\bin\DianShou_of_debug_debugInfo.pdb" /SUBSYSTEM:CONSOLE /TLBID:1 /DYNAMICBASE:NO /NXCOMPAT /IMPLIB:"bin\DianShou_of_debug.lib" /MACHINE:X86 /SAFESEH obj\Debug\ofxFTGLFont.obj
         obj\Debug\sqlite3.obj
         obj\Debug\ofxSQLite.obj
         obj\Debug\ofxSQLiteAbstract.obj
         obj\Debug\ofxSQLiteDelete.obj
         obj\Debug\ofxSQLiteFieldValues.obj
         obj\Debug\ofxSQLiteInsert.obj
         obj\Debug\ofxSQLiteSelect.obj
         obj\Debug\ofxSQLiteSimpler.obj
         obj\Debug\ofxSQLiteUpdate.obj
         obj\Debug\GeometricRecognizer.obj
         obj\Debug\LeapListener.obj
         obj\Debug\main.obj
         obj\Debug\DianShou.obj
         obj\Debug\StrokeRecognizer.obj
         obj\Debug\textInput.obj
         C:\Users\aske7\Dropbox\DIKU\Bachelor\udvikling\files\openframeworks\libs\openFrameworksCompiled\lib\vs2010\openframeworksLibDebug.lib
     1>ofxFTGLFont.obj : warning LNK4075: ignoring '/EDITANDCONTINUE' due to '/SAFESEH' specification
            Creating library bin\DianShou_of_debug.lib and object bin\DianShou_of_debug.exp
     1>PocoFoundationmdd.lib(Ascii.obj) : warning LNK4099: PDB 'pocofoundationmdd.pdb' was not found with 'PocoFoundationmdd.lib(Ascii.obj)' or at 'C:\Users\aske7\Dropbox\DIKU\Bachelor\udvikling\files\openframeworks\apps\myApps\DianShou_of\bin\pocofoundationmdd.pdb'; linking object as if no debug info
     1>PocoFoundationmdd.lib(AtomicCounter.obj) : warning LNK4099: PDB 'pocofoundationmdd.pdb' was not found with 'PocoFoundationmdd.lib(AtomicCounter.obj)' or at 'C:\Users\aske7\Dropbox\DIKU\Bachelor\udvikling\files\openframeworks\apps\myApps\DianShou_of\bin\pocofoundationmdd.pdb'; linking object as if no debug info
     1>PocoFoundationmdd.lib(Bugcheck.obj) : warning LNK4099: PDB 'pocofoundationmdd.pdb' was not found with 'PocoFoundationmdd.lib(Bugcheck.obj)' or at 'C:\Users\aske7\Dropbox\DIKU\Bachelor\udvikling\files\openframeworks\apps\myApps\DianShou_of\bin\pocofoundationmdd.pdb'; linking object as if no debug info
     1>PocoFoundationmdd.lib(Debugger.obj) : warning LNK4099: PDB 'pocofoundationmdd.pdb' was not found with 'PocoFoundationmdd.lib(Debugger.obj)' or at 'C:\Users\aske7\Dropbox\DIKU\Bachelor\udvikling\files\openframeworks\apps\myApps\DianShou_of\bin\pocofoundationmdd.pdb'; linking object as if no debug info
     1>PocoFoundationmdd.lib(Environment.obj) : warning LNK4099: PDB 'pocofoundationmdd.pdb' was not found with 'PocoFoundationmdd.lib(Environment.obj)' or at 'C:\Users\aske7\Dropbox\DIKU\Bachelor\udvikling\files\openframeworks\apps\myApps\DianShou_of\bin\pocofoundationmdd.pdb'; linking object as if no debug info
     1>PocoFoundationmdd.lib(Exception.obj) : warning LNK4099: PDB 'pocofoundationmdd.pdb' was not found with 'PocoFoundationmdd.lib(Exception.obj)' or at 'C:\Users\aske7\Dropbox\DIKU\Bachelor\udvikling\files\openframeworks\apps\myApps\DianShou_of\bin\pocofoundationmdd.pdb'; linking object as if no debug info
     1>PocoFoundationmdd.lib(MemoryPool.obj) : warning LNK4099: PDB 'pocofoundationmdd.pdb' was not found with 'PocoFoundationmdd.lib(MemoryPool.obj)' or at 'C:\Users\aske7\Dropbox\DIKU\Bachelor\udvikling\files\openframeworks\apps\myApps\DianShou_of\bin\pocofoundationmdd.pdb'; linking object as if no debug info
     1>PocoFoundationmdd.lib(NumberFormatter.obj) : warning LNK4099: PDB 'pocofoundationmdd.pdb' was not found with 'PocoFoundationmdd.lib(NumberFormatter.obj)' or at 'C:\Users\aske7\Dropbox\DIKU\Bachelor\udvikling\files\openframeworks\apps\myApps\DianShou_of\bin\pocofoundationmdd.pdb'; linking object as if no debug info
     1>PocoFoundationmdd.lib(NumberParser.obj) : warning LNK4099: PDB 'pocofoundationmdd.pdb' was not found with 'PocoFoundationmdd.lib(NumberParser.obj)' or at 'C:\Users\aske7\Dropbox\DIKU\Bachelor\udvikling\files\openframeworks\apps\myApps\DianShou_of\bin\pocofoundationmdd.pdb'; linking object as if no debug info
     1>PocoFoundationmdd.lib(RefCountedObject.obj) : warning LNK4099: PDB 'pocofoundationmdd.pdb' was not found with 'PocoFoundationmdd.lib(RefCountedObject.obj)' or at 'C:\Users\aske7\Dropbox\DIKU\Bachelor\udvikling\files\openframeworks\apps\myApps\DianShou_of\bin\pocofoundationmdd.pdb'; linking object as if no debug info
     1>PocoFoundationmdd.lib(StringTokenizer.obj) : warning LNK4099: PDB 'pocofoundationmdd.pdb' was not found with 'PocoFoundationmdd.lib(StringTokenizer.obj)' or at 'C:\Users\aske7\Dropbox\DIKU\Bachelor\udvikling\files\openframeworks\apps\myApps\DianShou_of\bin\pocofoundationmdd.pdb'; linking object as if no debug info
     1>PocoFoundationmdd.lib(Base64Decoder.obj) : warning LNK4099: PDB 'pocofoundationmdd.pdb' was not found with 'PocoFoundationmdd.lib(Base64Decoder.obj)' or at 'C:\Users\aske7\Dropbox\DIKU\Bachelor\udvikling\files\openframeworks\apps\myApps\DianShou_of\bin\pocofoundationmdd.pdb'; linking object as if no debug info
     1>PocoFoundationmdd.lib(Base64Encoder.obj) : warning LNK4099: PDB 'pocofoundationmdd.pdb' was not found with 'PocoFoundationmdd.lib(Base64Encoder.obj)' or at 'C:\Users\aske7\Dropbox\DIKU\Bachelor\udvikling\files\openframeworks\apps\myApps\DianShou_of\bin\pocofoundationmdd.pdb'; linking object as if no debug info
     1>PocoFoundationmdd.lib(CountingStream.obj) : warning LNK4099: PDB 'pocofoundationmdd.pdb' was not found with 'PocoFoundationmdd.lib(CountingStream.obj)' or at 'C:\Users\aske7\Dropbox\DIKU\Bachelor\udvikling\files\openframeworks\apps\myApps\DianShou_of\bin\pocofoundationmdd.pdb'; linking object as if no debug info
     1>PocoFoundationmdd.lib(FileStream.obj) : warning LNK4099: PDB 'pocofoundationmdd.pdb' was not found with 'PocoFoundationmdd.lib(FileStream.obj)' or at 'C:\Users\aske7\Dropbox\DIKU\Bachelor\udvikling\files\openframeworks\apps\myApps\DianShou_of\bin\pocofoundationmdd.pdb'; linking object as if no debug info
     1>PocoFoundationmdd.lib(MemoryStream.obj) : warning LNK4099: PDB 'pocofoundationmdd.pdb' was not found with 'PocoFoundationmdd.lib(MemoryStream.obj)' or at 'C:\Users\aske7\Dropbox\DIKU\Bachelor\udvikling\files\openframeworks\apps\myApps\DianShou_of\bin\pocofoundationmdd.pdb'; linking object as if no debug info
     1>PocoFoundationmdd.lib(NullStream.obj) : warning LNK4099: PDB 'pocofoundationmdd.pdb' was not found with 'PocoFoundationmdd.lib(NullStream.obj)' or at 'C:\Users\aske7\Dropbox\DIKU\Bachelor\udvikling\files\openframeworks\apps\myApps\DianShou_of\bin\pocofoundationmdd.pdb'; linking object as if no debug info
     1>PocoFoundationmdd.lib(StreamCopier.obj) : warning LNK4099: PDB 'pocofoundationmdd.pdb' was not found with 'PocoFoundationmdd.lib(StreamCopier.obj)' or at 'C:\Users\aske7\Dropbox\DIKU\Bachelor\udvikling\files\openframeworks\apps\myApps\DianShou_of\bin\pocofoundationmdd.pdb'; linking object as if no debug info
     1>PocoFoundationmdd.lib(adler32.obj) : warning LNK4099: PDB 'pocofoundationmdd.pdb' was not found with 'PocoFoundationmdd.lib(adler32.obj)' or at 'C:\Users\aske7\Dropbox\DIKU\Bachelor\udvikling\files\openframeworks\apps\myApps\DianShou_of\bin\pocofoundationmdd.pdb'; linking object as if no debug info
     1>PocoFoundationmdd.lib(crc32.obj) : warning LNK4099: PDB 'pocofoundationmdd.pdb' was not found with 'PocoFoundationmdd.lib(crc32.obj)' or at 'C:\Users\aske7\Dropbox\DIKU\Bachelor\udvikling\files\openframeworks\apps\myApps\DianShou_of\bin\pocofoundationmdd.pdb'; linking object as if no debug info
     1>PocoFoundationmdd.lib(deflate.obj) : warning LNK4099: PDB 'pocofoundationmdd.pdb' was not found with 'PocoFoundationmdd.lib(deflate.obj)' or at 'C:\Users\aske7\Dropbox\DIKU\Bachelor\udvikling\files\openframeworks\apps\myApps\DianShou_of\bin\pocofoundationmdd.pdb'; linking object as if no debug info
     1>PocoFoundationmdd.lib(trees.obj) : warning LNK4099: PDB 'pocofoundationmdd.pdb' was not found with 'PocoFoundationmdd.lib(trees.obj)' or at 'C:\Users\aske7\Dropbox\DIKU\Bachelor\udvikling\files\openframeworks\apps\myApps\DianShou_of\bin\pocofoundationmdd.pdb'; linking object as if no debug info
     1>PocoFoundationmdd.lib(zutil.obj) : warning LNK4099: PDB 'pocofoundationmdd.pdb' was not found with 'PocoFoundationmdd.lib(zutil.obj)' or at 'C:\Users\aske7\Dropbox\DIKU\Bachelor\udvikling\files\openframeworks\apps\myApps\DianShou_of\bin\pocofoundationmdd.pdb'; linking object as if no debug info
     1>PocoFoundationmdd.lib(Condition.obj) : warning LNK4099: PDB 'pocofoundationmdd.pdb' was not found with 'PocoFoundationmdd.lib(Condition.obj)' or at 'C:\Users\aske7\Dropbox\DIKU\Bachelor\udvikling\files\openframeworks\apps\myApps\DianShou_of\bin\pocofoundationmdd.pdb'; linking object as if no debug info
     1>PocoFoundationmdd.lib(ErrorHandler.obj) : warning LNK4099: PDB 'pocofoundationmdd.pdb' was not found with 'PocoFoundationmdd.lib(ErrorHandler.obj)' or at 'C:\Users\aske7\Dropbox\DIKU\Bachelor\udvikling\files\openframeworks\apps\myApps\DianShou_of\bin\pocofoundationmdd.pdb'; linking object as if no debug info
     1>PocoFoundationmdd.lib(Event.obj) : warning LNK4099: PDB 'pocofoundationmdd.pdb' was not found with 'PocoFoundationmdd.lib(Event.obj)' or at 'C:\Users\aske7\Dropbox\DIKU\Bachelor\udvikling\files\openframeworks\apps\myApps\DianShou_of\bin\pocofoundationmdd.pdb'; linking object as if no debug info
     1>PocoFoundationmdd.lib(Mutex.obj) : warning LNK4099: PDB 'pocofoundationmdd.pdb' was not found with 'PocoFoundationmdd.lib(Mutex.obj)' or at 'C:\Users\aske7\Dropbox\DIKU\Bachelor\udvikling\files\openframeworks\apps\myApps\DianShou_of\bin\pocofoundationmdd.pdb'; linking object as if no debug info
     1>PocoFoundationmdd.lib(Runnable.obj) : warning LNK4099: PDB 'pocofoundationmdd.pdb' was not found with 'PocoFoundationmdd.lib(Runnable.obj)' or at 'C:\Users\aske7\Dropbox\DIKU\Bachelor\udvikling\files\openframeworks\apps\myApps\DianShou_of\bin\pocofoundationmdd.pdb'; linking object as if no debug info
     1>PocoFoundationmdd.lib(RWLock.obj) : warning LNK4099: PDB 'pocofoundationmdd.pdb' was not found with 'PocoFoundationmdd.lib(RWLock.obj)' or at 'C:\Users\aske7\Dropbox\DIKU\Bachelor\udvikling\files\openframeworks\apps\myApps\DianShou_of\bin\pocofoundationmdd.pdb'; linking object as if no debug info
     1>PocoFoundationmdd.lib(Thread.obj) : warning LNK4099: PDB 'pocofoundationmdd.pdb' was not found with 'PocoFoundationmdd.lib(Thread.obj)' or at 'C:\Users\aske7\Dropbox\DIKU\Bachelor\udvikling\files\openframeworks\apps\myApps\DianShou_of\bin\pocofoundationmdd.pdb'; linking object as if no debug info
     1>PocoFoundationmdd.lib(ThreadLocal.obj) : warning LNK4099: PDB 'pocofoundationmdd.pdb' was not found with 'PocoFoundationmdd.lib(ThreadLocal.obj)' or at 'C:\Users\aske7\Dropbox\DIKU\Bachelor\udvikling\files\openframeworks\apps\myApps\DianShou_of\bin\pocofoundationmdd.pdb'; linking object as if no debug info
     1>PocoFoundationmdd.lib(DigestEngine.obj) : warning LNK4099: PDB 'pocofoundationmdd.pdb' was not found with 'PocoFoundationmdd.lib(DigestEngine.obj)' or at 'C:\Users\aske7\Dropbox\DIKU\Bachelor\udvikling\files\openframeworks\apps\myApps\DianShou_of\bin\pocofoundationmdd.pdb'; linking object as if no debug info
     1>PocoFoundationmdd.lib(MD5Engine.obj) : warning LNK4099: PDB 'pocofoundationmdd.pdb' was not found with 'PocoFoundationmdd.lib(MD5Engine.obj)' or at 'C:\Users\aske7\Dropbox\DIKU\Bachelor\udvikling\files\openframeworks\apps\myApps\DianShou_of\bin\pocofoundationmdd.pdb'; linking object as if no debug info
     1>PocoFoundationmdd.lib(DirectoryIterator.obj) : warning LNK4099: PDB 'pocofoundationmdd.pdb' was not found with 'PocoFoundationmdd.lib(DirectoryIterator.obj)' or at 'C:\Users\aske7\Dropbox\DIKU\Bachelor\udvikling\files\openframeworks\apps\myApps\DianShou_of\bin\pocofoundationmdd.pdb'; linking object as if no debug info
     1>PocoFoundationmdd.lib(File.obj) : warning LNK4099: PDB 'pocofoundationmdd.pdb' was not found with 'PocoFoundationmdd.lib(File.obj)' or at 'C:\Users\aske7\Dropbox\DIKU\Bachelor\udvikling\files\openframeworks\apps\myApps\DianShou_of\bin\pocofoundationmdd.pdb'; linking object as if no debug info
     1>PocoFoundationmdd.lib(Path.obj) : warning LNK4099: PDB 'pocofoundationmdd.pdb' was not found with 'PocoFoundationmdd.lib(Path.obj)' or at 'C:\Users\aske7\Dropbox\DIKU\Bachelor\udvikling\files\openframeworks\apps\myApps\DianShou_of\bin\pocofoundationmdd.pdb'; linking object as if no debug info
     1>PocoFoundationmdd.lib(DateTime.obj) : warning LNK4099: PDB 'pocofoundationmdd.pdb' was not found with 'PocoFoundationmdd.lib(DateTime.obj)' or at 'C:\Users\aske7\Dropbox\DIKU\Bachelor\udvikling\files\openframeworks\apps\myApps\DianShou_of\bin\pocofoundationmdd.pdb'; linking object as if no debug info
     1>PocoFoundationmdd.lib(DateTimeFormat.obj) : warning LNK4099: PDB 'pocofoundationmdd.pdb' was not found with 'PocoFoundationmdd.lib(DateTimeFormat.obj)' or at 'C:\Users\aske7\Dropbox\DIKU\Bachelor\udvikling\files\openframeworks\apps\myApps\DianShou_of\bin\pocofoundationmdd.pdb'; linking object as if no debug info
     1>PocoFoundationmdd.lib(DateTimeFormatter.obj) : warning LNK4099: PDB 'pocofoundationmdd.pdb' was not found with 'PocoFoundationmdd.lib(DateTimeFormatter.obj)' or at 'C:\Users\aske7\Dropbox\DIKU\Bachelor\udvikling\files\openframeworks\apps\myApps\DianShou_of\bin\pocofoundationmdd.pdb'; linking object as if no debug info
     1>PocoFoundationmdd.lib(DateTimeParser.obj) : warning LNK4099: PDB 'pocofoundationmdd.pdb' was not found with 'PocoFoundationmdd.lib(DateTimeParser.obj)' or at 'C:\Users\aske7\Dropbox\DIKU\Bachelor\udvikling\files\openframeworks\apps\myApps\DianShou_of\bin\pocofoundationmdd.pdb'; linking object as if no debug info
     1>PocoFoundationmdd.lib(LocalDateTime.obj) : warning LNK4099: PDB 'pocofoundationmdd.pdb' was not found with 'PocoFoundationmdd.lib(LocalDateTime.obj)' or at 'C:\Users\aske7\Dropbox\DIKU\Bachelor\udvikling\files\openframeworks\apps\myApps\DianShou_of\bin\pocofoundationmdd.pdb'; linking object as if no debug info
     1>PocoFoundationmdd.lib(Timespan.obj) : warning LNK4099: PDB 'pocofoundationmdd.pdb' was not found with 'PocoFoundationmdd.lib(Timespan.obj)' or at 'C:\Users\aske7\Dropbox\DIKU\Bachelor\udvikling\files\openframeworks\apps\myApps\DianShou_of\bin\pocofoundationmdd.pdb'; linking object as if no debug info
     1>PocoFoundationmdd.lib(Timestamp.obj) : warning LNK4099: PDB 'pocofoundationmdd.pdb' was not found with 'PocoFoundationmdd.lib(Timestamp.obj)' or at 'C:\Users\aske7\Dropbox\DIKU\Bachelor\udvikling\files\openframeworks\apps\myApps\DianShou_of\bin\pocofoundationmdd.pdb'; linking object as if no debug info
     1>PocoFoundationmdd.lib(Timezone.obj) : warning LNK4099: PDB 'pocofoundationmdd.pdb' was not found with 'PocoFoundationmdd.lib(Timezone.obj)' or at 'C:\Users\aske7\Dropbox\DIKU\Bachelor\udvikling\files\openframeworks\apps\myApps\DianShou_of\bin\pocofoundationmdd.pdb'; linking object as if no debug info
     1>PocoFoundationmdd.lib(ASCIIEncoding.obj) : warning LNK4099: PDB 'pocofoundationmdd.pdb' was not found with 'PocoFoundationmdd.lib(ASCIIEncoding.obj)' or at 'C:\Users\aske7\Dropbox\DIKU\Bachelor\udvikling\files\openframeworks\apps\myApps\DianShou_of\bin\pocofoundationmdd.pdb'; linking object as if no debug info
     1>PocoFoundationmdd.lib(Latin1Encoding.obj) : warning LNK4099: PDB 'pocofoundationmdd.pdb' was not found with 'PocoFoundationmdd.lib(Latin1Encoding.obj)' or at 'C:\Users\aske7\Dropbox\DIKU\Bachelor\udvikling\files\openframeworks\apps\myApps\DianShou_of\bin\pocofoundationmdd.pdb'; linking object as if no debug info
     1>PocoFoundationmdd.lib(Latin9Encoding.obj) : warning LNK4099: PDB 'pocofoundationmdd.pdb' was not found with 'PocoFoundationmdd.lib(Latin9Encoding.obj)' or at 'C:\Users\aske7\Dropbox\DIKU\Bachelor\udvikling\files\openframeworks\apps\myApps\DianShou_of\bin\pocofoundationmdd.pdb'; linking object as if no debug info
     1>PocoFoundationmdd.lib(TextConverter.obj) : warning LNK4099: PDB 'pocofoundationmdd.pdb' was not found with 'PocoFoundationmdd.lib(TextConverter.obj)' or at 'C:\Users\aske7\Dropbox\DIKU\Bachelor\udvikling\files\openframeworks\apps\myApps\DianShou_of\bin\pocofoundationmdd.pdb'; linking object as if no debug info
     1>PocoFoundationmdd.lib(TextEncoding.obj) : warning LNK4099: PDB 'pocofoundationmdd.pdb' was not found with 'PocoFoundationmdd.lib(TextEncoding.obj)' or at 'C:\Users\aske7\Dropbox\DIKU\Bachelor\udvikling\files\openframeworks\apps\myApps\DianShou_of\bin\pocofoundationmdd.pdb'; linking object as if no debug info
     1>PocoFoundationmdd.lib(TextIterator.obj) : warning LNK4099: PDB 'pocofoundationmdd.pdb' was not found with 'PocoFoundationmdd.lib(TextIterator.obj)' or at 'C:\Users\aske7\Dropbox\DIKU\Bachelor\udvikling\files\openframeworks\apps\myApps\DianShou_of\bin\pocofoundationmdd.pdb'; linking object as if no debug info
     1>PocoFoundationmdd.lib(UnicodeConverter.obj) : warning LNK4099: PDB 'pocofoundationmdd.pdb' was not found with 'PocoFoundationmdd.lib(UnicodeConverter.obj)' or at 'C:\Users\aske7\Dropbox\DIKU\Bachelor\udvikling\files\openframeworks\apps\myApps\DianShou_of\bin\pocofoundationmdd.pdb'; linking object as if no debug info
     1>PocoFoundationmdd.lib(UTF16Encoding.obj) : warning LNK4099: PDB 'pocofoundationmdd.pdb' was not found with 'PocoFoundationmdd.lib(UTF16Encoding.obj)' or at 'C:\Users\aske7\Dropbox\DIKU\Bachelor\udvikling\files\openframeworks\apps\myApps\DianShou_of\bin\pocofoundationmdd.pdb'; linking object as if no debug info
     1>PocoFoundationmdd.lib(UTF8Encoding.obj) : warning LNK4099: PDB 'pocofoundationmdd.pdb' was not found with 'PocoFoundationmdd.lib(UTF8Encoding.obj)' or at 'C:\Users\aske7\Dropbox\DIKU\Bachelor\udvikling\files\openframeworks\apps\myApps\DianShou_of\bin\pocofoundationmdd.pdb'; linking object as if no debug info
     1>PocoFoundationmdd.lib(Windows1252Encoding.obj) : warning LNK4099: PDB 'pocofoundationmdd.pdb' was not found with 'PocoFoundationmdd.lib(Windows1252Encoding.obj)' or at 'C:\Users\aske7\Dropbox\DIKU\Bachelor\udvikling\files\openframeworks\apps\myApps\DianShou_of\bin\pocofoundationmdd.pdb'; linking object as if no debug info
     1>PocoFoundationmdd.lib(FileStreamFactory.obj) : warning LNK4099: PDB 'pocofoundationmdd.pdb' was not found with 'PocoFoundationmdd.lib(FileStreamFactory.obj)' or at 'C:\Users\aske7\Dropbox\DIKU\Bachelor\udvikling\files\openframeworks\apps\myApps\DianShou_of\bin\pocofoundationmdd.pdb'; linking object as if no debug info
     1>PocoFoundationmdd.lib(URI.obj) : warning LNK4099: PDB 'pocofoundationmdd.pdb' was not found with 'PocoFoundationmdd.lib(URI.obj)' or at 'C:\Users\aske7\Dropbox\DIKU\Bachelor\udvikling\files\openframeworks\apps\myApps\DianShou_of\bin\pocofoundationmdd.pdb'; linking object as if no debug info
     1>PocoFoundationmdd.lib(URIStreamFactory.obj) : warning LNK4099: PDB 'pocofoundationmdd.pdb' was not found with 'PocoFoundationmdd.lib(URIStreamFactory.obj)' or at 'C:\Users\aske7\Dropbox\DIKU\Bachelor\udvikling\files\openframeworks\apps\myApps\DianShou_of\bin\pocofoundationmdd.pdb'; linking object as if no debug info
     1>PocoFoundationmdd.lib(URIStreamOpener.obj) : warning LNK4099: PDB 'pocofoundationmdd.pdb' was not found with 'PocoFoundationmdd.lib(URIStreamOpener.obj)' or at 'C:\Users\aske7\Dropbox\DIKU\Bachelor\udvikling\files\openframeworks\apps\myApps\DianShou_of\bin\pocofoundationmdd.pdb'; linking object as if no debug info
     1>PocoNetmdd.lib(DNS.obj) : warning LNK4099: PDB 'poconetmdd.pdb' was not found with 'PocoNetmdd.lib(DNS.obj)' or at 'C:\Users\aske7\Dropbox\DIKU\Bachelor\udvikling\files\openframeworks\apps\myApps\DianShou_of\bin\poconetmdd.pdb'; linking object as if no debug info
     1>PocoNetmdd.lib(HostEntry.obj) : warning LNK4099: PDB 'poconetmdd.pdb' was not found with 'PocoNetmdd.lib(HostEntry.obj)' or at 'C:\Users\aske7\Dropbox\DIKU\Bachelor\udvikling\files\openframeworks\apps\myApps\DianShou_of\bin\poconetmdd.pdb'; linking object as if no debug info
     1>PocoNetmdd.lib(IPAddress.obj) : warning LNK4099: PDB 'poconetmdd.pdb' was not found with 'PocoNetmdd.lib(IPAddress.obj)' or at 'C:\Users\aske7\Dropbox\DIKU\Bachelor\udvikling\files\openframeworks\apps\myApps\DianShou_of\bin\poconetmdd.pdb'; linking object as if no debug info
     1>PocoNetmdd.lib(NetException.obj) : warning LNK4099: PDB 'poconetmdd.pdb' was not found with 'PocoNetmdd.lib(NetException.obj)' or at 'C:\Users\aske7\Dropbox\DIKU\Bachelor\udvikling\files\openframeworks\apps\myApps\DianShou_of\bin\poconetmdd.pdb'; linking object as if no debug info
     1>PocoNetmdd.lib(SocketAddress.obj) : warning LNK4099: PDB 'poconetmdd.pdb' was not found with 'PocoNetmdd.lib(SocketAddress.obj)' or at 'C:\Users\aske7\Dropbox\DIKU\Bachelor\udvikling\files\openframeworks\apps\myApps\DianShou_of\bin\poconetmdd.pdb'; linking object as if no debug info
     1>PocoNetmdd.lib(Socket.obj) : warning LNK4099: PDB 'poconetmdd.pdb' was not found with 'PocoNetmdd.lib(Socket.obj)' or at 'C:\Users\aske7\Dropbox\DIKU\Bachelor\udvikling\files\openframeworks\apps\myApps\DianShou_of\bin\poconetmdd.pdb'; linking object as if no debug info
     1>PocoNetmdd.lib(SocketImpl.obj) : warning LNK4099: PDB 'poconetmdd.pdb' was not found with 'PocoNetmdd.lib(SocketImpl.obj)' or at 'C:\Users\aske7\Dropbox\DIKU\Bachelor\udvikling\files\openframeworks\apps\myApps\DianShou_of\bin\poconetmdd.pdb'; linking object as if no debug info
     1>PocoNetmdd.lib(StreamSocket.obj) : warning LNK4099: PDB 'poconetmdd.pdb' was not found with 'PocoNetmdd.lib(StreamSocket.obj)' or at 'C:\Users\aske7\Dropbox\DIKU\Bachelor\udvikling\files\openframeworks\apps\myApps\DianShou_of\bin\poconetmdd.pdb'; linking object as if no debug info
     1>PocoNetmdd.lib(StreamSocketImpl.obj) : warning LNK4099: PDB 'poconetmdd.pdb' was not found with 'PocoNetmdd.lib(StreamSocketImpl.obj)' or at 'C:\Users\aske7\Dropbox\DIKU\Bachelor\udvikling\files\openframeworks\apps\myApps\DianShou_of\bin\poconetmdd.pdb'; linking object as if no debug info
     1>PocoNetmdd.lib(MediaType.obj) : warning LNK4099: PDB 'poconetmdd.pdb' was not found with 'PocoNetmdd.lib(MediaType.obj)' or at 'C:\Users\aske7\Dropbox\DIKU\Bachelor\udvikling\files\openframeworks\apps\myApps\DianShou_of\bin\poconetmdd.pdb'; linking object as if no debug info
     1>PocoNetmdd.lib(MessageHeader.obj) : warning LNK4099: PDB 'poconetmdd.pdb' was not found with 'PocoNetmdd.lib(MessageHeader.obj)' or at 'C:\Users\aske7\Dropbox\DIKU\Bachelor\udvikling\files\openframeworks\apps\myApps\DianShou_of\bin\poconetmdd.pdb'; linking object as if no debug info
     1>PocoNetmdd.lib(NameValueCollection.obj) : warning LNK4099: PDB 'poconetmdd.pdb' was not found with 'PocoNetmdd.lib(NameValueCollection.obj)' or at 'C:\Users\aske7\Dropbox\DIKU\Bachelor\udvikling\files\openframeworks\apps\myApps\DianShou_of\bin\poconetmdd.pdb'; linking object as if no debug info
     1>PocoNetmdd.lib(HTTPAuthenticationParams.obj) : warning LNK4099: PDB 'poconetmdd.pdb' was not found with 'PocoNetmdd.lib(HTTPAuthenticationParams.obj)' or at 'C:\Users\aske7\Dropbox\DIKU\Bachelor\udvikling\files\openframeworks\apps\myApps\DianShou_of\bin\poconetmdd.pdb'; linking object as if no debug info
     1>PocoNetmdd.lib(HTTPBasicCredentials.obj) : warning LNK4099: PDB 'poconetmdd.pdb' was not found with 'PocoNetmdd.lib(HTTPBasicCredentials.obj)' or at 'C:\Users\aske7\Dropbox\DIKU\Bachelor\udvikling\files\openframeworks\apps\myApps\DianShou_of\bin\poconetmdd.pdb'; linking object as if no debug info
     1>PocoNetmdd.lib(HTTPBufferAllocator.obj) : warning LNK4099: PDB 'poconetmdd.pdb' was not found with 'PocoNetmdd.lib(HTTPBufferAllocator.obj)' or at 'C:\Users\aske7\Dropbox\DIKU\Bachelor\udvikling\files\openframeworks\apps\myApps\DianShou_of\bin\poconetmdd.pdb'; linking object as if no debug info
     1>PocoNetmdd.lib(HTTPChunkedStream.obj) : warning LNK4099: PDB 'poconetmdd.pdb' was not found with 'PocoNetmdd.lib(HTTPChunkedStream.obj)' or at 'C:\Users\aske7\Dropbox\DIKU\Bachelor\udvikling\files\openframeworks\apps\myApps\DianShou_of\bin\poconetmdd.pdb'; linking object as if no debug info
     1>PocoNetmdd.lib(HTTPCookie.obj) : warning LNK4099: PDB 'poconetmdd.pdb' was not found with 'PocoNetmdd.lib(HTTPCookie.obj)' or at 'C:\Users\aske7\Dropbox\DIKU\Bachelor\udvikling\files\openframeworks\apps\myApps\DianShou_of\bin\poconetmdd.pdb'; linking object as if no debug info
     1>PocoNetmdd.lib(HTTPCredentials.obj) : warning LNK4099: PDB 'poconetmdd.pdb' was not found with 'PocoNetmdd.lib(HTTPCredentials.obj)' or at 'C:\Users\aske7\Dropbox\DIKU\Bachelor\udvikling\files\openframeworks\apps\myApps\DianShou_of\bin\poconetmdd.pdb'; linking object as if no debug info
     1>PocoNetmdd.lib(HTTPDigestCredentials.obj) : warning LNK4099: PDB 'poconetmdd.pdb' was not found with 'PocoNetmdd.lib(HTTPDigestCredentials.obj)' or at 'C:\Users\aske7\Dropbox\DIKU\Bachelor\udvikling\files\openframeworks\apps\myApps\DianShou_of\bin\poconetmdd.pdb'; linking object as if no debug info
     1>PocoNetmdd.lib(HTTPFixedLengthStream.obj) : warning LNK4099: PDB 'poconetmdd.pdb' was not found with 'PocoNetmdd.lib(HTTPFixedLengthStream.obj)' or at 'C:\Users\aske7\Dropbox\DIKU\Bachelor\udvikling\files\openframeworks\apps\myApps\DianShou_of\bin\poconetmdd.pdb'; linking object as if no debug info
     1>PocoNetmdd.lib(HTTPHeaderStream.obj) : warning LNK4099: PDB 'poconetmdd.pdb' was not found with 'PocoNetmdd.lib(HTTPHeaderStream.obj)' or at 'C:\Users\aske7\Dropbox\DIKU\Bachelor\udvikling\files\openframeworks\apps\myApps\DianShou_of\bin\poconetmdd.pdb'; linking object as if no debug info
     1>PocoNetmdd.lib(HTTPMessage.obj) : warning LNK4099: PDB 'poconetmdd.pdb' was not found with 'PocoNetmdd.lib(HTTPMessage.obj)' or at 'C:\Users\aske7\Dropbox\DIKU\Bachelor\udvikling\files\openframeworks\apps\myApps\DianShou_of\bin\poconetmdd.pdb'; linking object as if no debug info
     1>PocoNetmdd.lib(HTTPRequest.obj) : warning LNK4099: PDB 'poconetmdd.pdb' was not found with 'PocoNetmdd.lib(HTTPRequest.obj)' or at 'C:\Users\aske7\Dropbox\DIKU\Bachelor\udvikling\files\openframeworks\apps\myApps\DianShou_of\bin\poconetmdd.pdb'; linking object as if no debug info
     1>PocoNetmdd.lib(HTTPResponse.obj) : warning LNK4099: PDB 'poconetmdd.pdb' was not found with 'PocoNetmdd.lib(HTTPResponse.obj)' or at 'C:\Users\aske7\Dropbox\DIKU\Bachelor\udvikling\files\openframeworks\apps\myApps\DianShou_of\bin\poconetmdd.pdb'; linking object as if no debug info
     1>PocoNetmdd.lib(HTTPSession.obj) : warning LNK4099: PDB 'poconetmdd.pdb' was not found with 'PocoNetmdd.lib(HTTPSession.obj)' or at 'C:\Users\aske7\Dropbox\DIKU\Bachelor\udvikling\files\openframeworks\apps\myApps\DianShou_of\bin\poconetmdd.pdb'; linking object as if no debug info
     1>PocoNetmdd.lib(HTTPStream.obj) : warning LNK4099: PDB 'poconetmdd.pdb' was not found with 'PocoNetmdd.lib(HTTPStream.obj)' or at 'C:\Users\aske7\Dropbox\DIKU\Bachelor\udvikling\files\openframeworks\apps\myApps\DianShou_of\bin\poconetmdd.pdb'; linking object as if no debug info
     1>PocoNetmdd.lib(HTTPClientSession.obj) : warning LNK4099: PDB 'poconetmdd.pdb' was not found with 'PocoNetmdd.lib(HTTPClientSession.obj)' or at 'C:\Users\aske7\Dropbox\DIKU\Bachelor\udvikling\files\openframeworks\apps\myApps\DianShou_of\bin\poconetmdd.pdb'; linking object as if no debug info
     1>PocoNetmdd.lib(HTTPIOStream.obj) : warning LNK4099: PDB 'poconetmdd.pdb' was not found with 'PocoNetmdd.lib(HTTPIOStream.obj)' or at 'C:\Users\aske7\Dropbox\DIKU\Bachelor\udvikling\files\openframeworks\apps\myApps\DianShou_of\bin\poconetmdd.pdb'; linking object as if no debug info
     1>PocoNetmdd.lib(HTTPStreamFactory.obj) : warning LNK4099: PDB 'poconetmdd.pdb' was not found with 'PocoNetmdd.lib(HTTPStreamFactory.obj)' or at 'C:\Users\aske7\Dropbox\DIKU\Bachelor\udvikling\files\openframeworks\apps\myApps\DianShou_of\bin\poconetmdd.pdb'; linking object as if no debug info
     1>tess2.lib(bucketalloc.obj) : warning LNK4099: PDB 'vc100.pdb' was not found with 'tess2.lib(bucketalloc.obj)' or at 'C:\Users\aske7\Dropbox\DIKU\Bachelor\udvikling\files\openframeworks\apps\myApps\DianShou_of\bin\vc100.pdb'; linking object as if no debug info
     1>tess2.lib(dict.obj) : warning LNK4099: PDB 'vc100.pdb' was not found with 'tess2.lib(dict.obj)' or at 'C:\Users\aske7\Dropbox\DIKU\Bachelor\udvikling\files\openframeworks\apps\myApps\DianShou_of\bin\vc100.pdb'; linking object as if no debug info
     1>tess2.lib(geom.obj) : warning LNK4099: PDB 'vc100.pdb' was not found with 'tess2.lib(geom.obj)' or at 'C:\Users\aske7\Dropbox\DIKU\Bachelor\udvikling\files\openframeworks\apps\myApps\DianShou_of\bin\vc100.pdb'; linking object as if no debug info
     1>tess2.lib(mesh.obj) : warning LNK4099: PDB 'vc100.pdb' was not found with 'tess2.lib(mesh.obj)' or at 'C:\Users\aske7\Dropbox\DIKU\Bachelor\udvikling\files\openframeworks\apps\myApps\DianShou_of\bin\vc100.pdb'; linking object as if no debug info
     1>tess2.lib(priorityq.obj) : warning LNK4099: PDB 'vc100.pdb' was not found with 'tess2.lib(priorityq.obj)' or at 'C:\Users\aske7\Dropbox\DIKU\Bachelor\udvikling\files\openframeworks\apps\myApps\DianShou_of\bin\vc100.pdb'; linking object as if no debug info
     1>tess2.lib(sweep.obj) : warning LNK4099: PDB 'vc100.pdb' was not found with 'tess2.lib(sweep.obj)' or at 'C:\Users\aske7\Dropbox\DIKU\Bachelor\udvikling\files\openframeworks\apps\myApps\DianShou_of\bin\vc100.pdb'; linking object as if no debug info
     1>tess2.lib(tess.obj) : warning LNK4099: PDB 'vc100.pdb' was not found with 'tess2.lib(tess.obj)' or at 'C:\Users\aske7\Dropbox\DIKU\Bachelor\udvikling\files\openframeworks\apps\myApps\DianShou_of\bin\vc100.pdb'; linking object as if no debug info
         DianShou_of.vcxproj -> C:\Users\aske7\Dropbox\DIKU\Bachelor\udvikling\files\openframeworks\apps\myApps\DianShou_of\bin\DianShou_of_debug.exe
       PostBuildEvent:
         xcopy /e /i /y "C:\Users\aske7\Dropbox\DIKU\Bachelor\udvikling\files\openframeworks\apps\myApps\DianShou_of\..\..\..\export\vs2010\*.dll" "C:\Users\aske7\Dropbox\DIKU\Bachelor\udvikling\files\openframeworks\apps\myApps\DianShou_of\bin"
         copy Leap\lib\x86\*.dll "bin\"
         
         
         
         :VCEnd
         C:\Users\aske7\Dropbox\DIKU\Bachelor\udvikling\files\openframeworks\apps\myApps\DianShou_of\..\..\..\export\vs2010\Assimp32.dll
         C:\Users\aske7\Dropbox\DIKU\Bachelor\udvikling\files\openframeworks\apps\myApps\DianShou_of\..\..\..\export\vs2010\fmodex.dll
         C:\Users\aske7\Dropbox\DIKU\Bachelor\udvikling\files\openframeworks\apps\myApps\DianShou_of\..\..\..\export\vs2010\fmodexL.dll
         C:\Users\aske7\Dropbox\DIKU\Bachelor\udvikling\files\openframeworks\apps\myApps\DianShou_of\..\..\..\export\vs2010\FreeImage.dll
         C:\Users\aske7\Dropbox\DIKU\Bachelor\udvikling\files\openframeworks\apps\myApps\DianShou_of\..\..\..\export\vs2010\FreeType-6.dll
         C:\Users\aske7\Dropbox\DIKU\Bachelor\udvikling\files\openframeworks\apps\myApps\DianShou_of\..\..\..\export\vs2010\glut32.dll
         C:\Users\aske7\Dropbox\DIKU\Bachelor\udvikling\files\openframeworks\apps\myApps\DianShou_of\..\..\..\export\vs2010\Zlib.dll
         7 File(s) copied
         Leap\lib\x86\Leap.dll
         Leap\lib\x86\Leapd.dll
         Leap\lib\x86\msvcp100.dll
         Leap\lib\x86\msvcp100d.dll
         Leap\lib\x86\msvcr100.dll
         Leap\lib\x86\msvcr100d.dll
                 6 file(s) copied.
     1>Done Building Project "C:\Users\aske7\Dropbox\DIKU\Bachelor\udvikling\files\openframeworks\apps\myApps\DianShou_of\DianShou_of.vcxproj" (Build target(s)).

Build succeeded.

Time Elapsed 00:01:04.01
