C:\USERS\ASKE7\DROPBOX\DIKU\BACHELOR\UDVIKLING\FILES\OPENFRAMEWORKS\APPS\MYAPPS\DIANSHOU_OF\OBJ\DEBUG\OFXFTGLFONT.OBJ
C:\USERS\ASKE7\DROPBOX\DIKU\BACHELOR\UDVIKLING\FILES\OPENFRAMEWORKS\APPS\MYAPPS\DIANSHOU_OF\OBJ\DEBUG\OFXSQLITE.OBJ
C:\USERS\ASKE7\DROPBOX\DIKU\BACHELOR\UDVIKLING\FILES\OPENFRAMEWORKS\APPS\MYAPPS\DIANSHOU_OF\OBJ\DEBUG\OFXSQLITEABSTRACT.OBJ
C:\USERS\ASKE7\DROPBOX\DIKU\BACHELOR\UDVIKLING\FILES\OPENFRAMEWORKS\APPS\MYAPPS\DIANSHOU_OF\OBJ\DEBUG\OFXSQLITEDELETE.OBJ
C:\USERS\ASKE7\DROPBOX\DIKU\BACHELOR\UDVIKLING\FILES\OPENFRAMEWORKS\APPS\MYAPPS\DIANSHOU_OF\OBJ\DEBUG\OFXSQLITEFIELDVALUES.OBJ
C:\USERS\ASKE7\DROPBOX\DIKU\BACHELOR\UDVIKLING\FILES\OPENFRAMEWORKS\APPS\MYAPPS\DIANSHOU_OF\OBJ\DEBUG\OFXSQLITEINSERT.OBJ
C:\USERS\ASKE7\DROPBOX\DIKU\BACHELOR\UDVIKLING\FILES\OPENFRAMEWORKS\APPS\MYAPPS\DIANSHOU_OF\OBJ\DEBUG\OFXSQLITESELECT.OBJ
C:\USERS\ASKE7\DROPBOX\DIKU\BACHELOR\UDVIKLING\FILES\OPENFRAMEWORKS\APPS\MYAPPS\DIANSHOU_OF\OBJ\DEBUG\OFXSQLITESIMPLER.OBJ
C:\USERS\ASKE7\DROPBOX\DIKU\BACHELOR\UDVIKLING\FILES\OPENFRAMEWORKS\APPS\MYAPPS\DIANSHOU_OF\OBJ\DEBUG\OFXSQLITEUPDATE.OBJ
C:\USERS\ASKE7\DROPBOX\DIKU\BACHELOR\UDVIKLING\FILES\OPENFRAMEWORKS\APPS\MYAPPS\DIANSHOU_OF\OBJ\DEBUG\GEOMETRICRECOGNIZER.OBJ
C:\USERS\ASKE7\DROPBOX\DIKU\BACHELOR\UDVIKLING\FILES\OPENFRAMEWORKS\APPS\MYAPPS\DIANSHOU_OF\OBJ\DEBUG\LEAPLISTENER.OBJ
C:\USERS\ASKE7\DROPBOX\DIKU\BACHELOR\UDVIKLING\FILES\OPENFRAMEWORKS\APPS\MYAPPS\DIANSHOU_OF\OBJ\DEBUG\STROKERECOGNIZER.OBJ
C:\USERS\ASKE7\DROPBOX\DIKU\BACHELOR\UDVIKLING\FILES\OPENFRAMEWORKS\APPS\MYAPPS\DIANSHOU_OF\OBJ\DEBUG\MAIN.OBJ
C:\USERS\ASKE7\DROPBOX\DIKU\BACHELOR\UDVIKLING\FILES\OPENFRAMEWORKS\APPS\MYAPPS\DIANSHOU_OF\OBJ\DEBUG\DIANSHOU.OBJ
C:\USERS\ASKE7\DROPBOX\DIKU\BACHELOR\UDVIKLING\FILES\OPENFRAMEWORKS\APPS\MYAPPS\DIANSHOU_OF\OBJ\DEBUG\VC110.PDB
C:\USERS\ASKE7\DROPBOX\DIKU\BACHELOR\UDVIKLING\FILES\OPENFRAMEWORKS\APPS\MYAPPS\DIANSHOU_OF\OBJ\DEBUG\SQLITE3.OBJ
C:\USERS\ASKE7\DROPBOX\DIKU\BACHELOR\UDVIKLING\FILES\OPENFRAMEWORKS\APPS\MYAPPS\DIANSHOU_OF\OBJ\DEBUG\IPENDPOINTNAME.OBJ
C:\USERS\ASKE7\DROPBOX\DIKU\BACHELOR\UDVIKLING\FILES\OPENFRAMEWORKS\APPS\MYAPPS\DIANSHOU_OF\OBJ\DEBUG\OSCOUTBOUNDPACKETSTREAM.OBJ
C:\USERS\ASKE7\DROPBOX\DIKU\BACHELOR\UDVIKLING\FILES\OPENFRAMEWORKS\APPS\MYAPPS\DIANSHOU_OF\OBJ\DEBUG\OSCPRINTRECEIVEDELEMENTS.OBJ
C:\USERS\ASKE7\DROPBOX\DIKU\BACHELOR\UDVIKLING\FILES\OPENFRAMEWORKS\APPS\MYAPPS\DIANSHOU_OF\OBJ\DEBUG\OSCRECEIVEDELEMENTS.OBJ
C:\USERS\ASKE7\DROPBOX\DIKU\BACHELOR\UDVIKLING\FILES\OPENFRAMEWORKS\APPS\MYAPPS\DIANSHOU_OF\OBJ\DEBUG\OSCTYPES.OBJ
C:\USERS\ASKE7\DROPBOX\DIKU\BACHELOR\UDVIKLING\FILES\OPENFRAMEWORKS\APPS\MYAPPS\DIANSHOU_OF\OBJ\DEBUG\OFXOSCBUNDLE.OBJ
C:\USERS\ASKE7\DROPBOX\DIKU\BACHELOR\UDVIKLING\FILES\OPENFRAMEWORKS\APPS\MYAPPS\DIANSHOU_OF\OBJ\DEBUG\OFXOSCMESSAGE.OBJ
C:\USERS\ASKE7\DROPBOX\DIKU\BACHELOR\UDVIKLING\FILES\OPENFRAMEWORKS\APPS\MYAPPS\DIANSHOU_OF\OBJ\DEBUG\OFXOSCRECEIVER.OBJ
C:\USERS\ASKE7\DROPBOX\DIKU\BACHELOR\UDVIKLING\FILES\OPENFRAMEWORKS\APPS\MYAPPS\DIANSHOU_OF\OBJ\DEBUG\OFXOSCSENDER.OBJ
C:\USERS\ASKE7\DROPBOX\DIKU\BACHELOR\UDVIKLING\FILES\OPENFRAMEWORKS\APPS\MYAPPS\DIANSHOU_OF\OBJ\DEBUG\TINYXML.OBJ
C:\USERS\ASKE7\DROPBOX\DIKU\BACHELOR\UDVIKLING\FILES\OPENFRAMEWORKS\APPS\MYAPPS\DIANSHOU_OF\OBJ\DEBUG\TINYXMLERROR.OBJ
C:\USERS\ASKE7\DROPBOX\DIKU\BACHELOR\UDVIKLING\FILES\OPENFRAMEWORKS\APPS\MYAPPS\DIANSHOU_OF\OBJ\DEBUG\TINYXMLPARSER.OBJ
C:\USERS\ASKE7\DROPBOX\DIKU\BACHELOR\UDVIKLING\FILES\OPENFRAMEWORKS\APPS\MYAPPS\DIANSHOU_OF\OBJ\DEBUG\OFXXMLSETTINGS.OBJ
C:\USERS\ASKE7\DROPBOX\DIKU\BACHELOR\UDVIKLING\FILES\OPENFRAMEWORKS\APPS\MYAPPS\DIANSHOU_OF\OBJ\DEBUG\NETWORKINGUTILS.OBJ
C:\USERS\ASKE7\DROPBOX\DIKU\BACHELOR\UDVIKLING\FILES\OPENFRAMEWORKS\APPS\MYAPPS\DIANSHOU_OF\OBJ\DEBUG\UDPSOCKET.OBJ
C:\USERS\ASKE7\DROPBOX\DIKU\BACHELOR\UDVIKLING\FILES\OPENFRAMEWORKS\APPS\MYAPPS\DIANSHOU_OF\OBJ\DEBUG\NETWORKINGUTILSWIN.OBJ
C:\USERS\ASKE7\DROPBOX\DIKU\BACHELOR\UDVIKLING\FILES\OPENFRAMEWORKS\APPS\MYAPPS\DIANSHOU_OF\OBJ\DEBUG\UDPSOCKETWIN.OBJ
C:\USERS\ASKE7\DROPBOX\DIKU\BACHELOR\UDVIKLING\FILES\OPENFRAMEWORKS\APPS\MYAPPS\DIANSHOU_OF\OBJ\DEBUG\TESTAPP.OBJ
C:\USERS\ASKE7\DROPBOX\DIKU\BACHELOR\UDVIKLING\FILES\OPENFRAMEWORKS\APPS\MYAPPS\DIANSHOU_OF\OBJ\DEBUG\TEXTINPUT.OBJ
C:\Users\aske7\Dropbox\DIKU\Bachelor\udvikling\files\openframeworks\apps\myApps\DianShou_of\bin\DianShou_of_debug.lib
C:\Users\aske7\Dropbox\DIKU\Bachelor\udvikling\files\openframeworks\apps\myApps\DianShou_of\bin\DianShou_of_debug.exp
C:\USERS\ASKE7\DROPBOX\DIKU\BACHELOR\UDVIKLING\FILES\OPENFRAMEWORKS\APPS\MYAPPS\DIANSHOU_OF\BIN\DIANSHOU_OF_DEBUG.ILK
C:\USERS\ASKE7\DROPBOX\DIKU\BACHELOR\UDVIKLING\FILES\OPENFRAMEWORKS\APPS\MYAPPS\DIANSHOU_OF\BIN\DIANSHOU_OF_DEBUG.EXE
C:\USERS\ASKE7\DROPBOX\DIKU\BACHELOR\UDVIKLING\FILES\OPENFRAMEWORKS\APPS\MYAPPS\DIANSHOU_OF\BIN\DIANSHOU_OF_DEBUG_DEBUGINFO.PDB
C:\Users\aske7\Dropbox\DIKU\Bachelor\udvikling\files\openframeworks\apps\myApps\DianShou_of\obj\Debug\DianShou_of.vcxprojResolveAssemblyReference.cache
C:\Users\aske7\Dropbox\DIKU\Bachelor\udvikling\files\openframeworks\apps\myApps\DianShou_of\obj\Debug\DianShou.obj
C:\Users\aske7\Dropbox\DIKU\Bachelor\udvikling\files\openframeworks\apps\myApps\DianShou_of\obj\Debug\GeometricRecognizer.obj
C:\Users\aske7\Dropbox\DIKU\Bachelor\udvikling\files\openframeworks\apps\myApps\DianShou_of\obj\Debug\IpEndpointName.obj
C:\Users\aske7\Dropbox\DIKU\Bachelor\udvikling\files\openframeworks\apps\myApps\DianShou_of\obj\Debug\LeapListener.obj
C:\Users\aske7\Dropbox\DIKU\Bachelor\udvikling\files\openframeworks\apps\myApps\DianShou_of\obj\Debug\main.obj
C:\Users\aske7\Dropbox\DIKU\Bachelor\udvikling\files\openframeworks\apps\myApps\DianShou_of\obj\Debug\NetworkingUtils.obj
C:\Users\aske7\Dropbox\DIKU\Bachelor\udvikling\files\openframeworks\apps\myApps\DianShou_of\obj\Debug\NetworkingUtilsWin.obj
C:\Users\aske7\Dropbox\DIKU\Bachelor\udvikling\files\openframeworks\apps\myApps\DianShou_of\obj\Debug\ofxFTGLFont.obj
C:\Users\aske7\Dropbox\DIKU\Bachelor\udvikling\files\openframeworks\apps\myApps\DianShou_of\obj\Debug\ofxOscBundle.obj
C:\Users\aske7\Dropbox\DIKU\Bachelor\udvikling\files\openframeworks\apps\myApps\DianShou_of\obj\Debug\ofxOscMessage.obj
C:\Users\aske7\Dropbox\DIKU\Bachelor\udvikling\files\openframeworks\apps\myApps\DianShou_of\obj\Debug\ofxOscReceiver.obj
C:\Users\aske7\Dropbox\DIKU\Bachelor\udvikling\files\openframeworks\apps\myApps\DianShou_of\obj\Debug\ofxOscSender.obj
C:\Users\aske7\Dropbox\DIKU\Bachelor\udvikling\files\openframeworks\apps\myApps\DianShou_of\obj\Debug\ofxSQLite.obj
C:\Users\aske7\Dropbox\DIKU\Bachelor\udvikling\files\openframeworks\apps\myApps\DianShou_of\obj\Debug\ofxSQLiteAbstract.obj
C:\Users\aske7\Dropbox\DIKU\Bachelor\udvikling\files\openframeworks\apps\myApps\DianShou_of\obj\Debug\ofxSQLiteDelete.obj
C:\Users\aske7\Dropbox\DIKU\Bachelor\udvikling\files\openframeworks\apps\myApps\DianShou_of\obj\Debug\ofxSQLiteFieldValues.obj
C:\Users\aske7\Dropbox\DIKU\Bachelor\udvikling\files\openframeworks\apps\myApps\DianShou_of\obj\Debug\ofxSQLiteInsert.obj
C:\Users\aske7\Dropbox\DIKU\Bachelor\udvikling\files\openframeworks\apps\myApps\DianShou_of\obj\Debug\ofxSQLiteSelect.obj
C:\Users\aske7\Dropbox\DIKU\Bachelor\udvikling\files\openframeworks\apps\myApps\DianShou_of\obj\Debug\ofxSQLiteSimpler.obj
C:\Users\aske7\Dropbox\DIKU\Bachelor\udvikling\files\openframeworks\apps\myApps\DianShou_of\obj\Debug\ofxSQLiteUpdate.obj
C:\Users\aske7\Dropbox\DIKU\Bachelor\udvikling\files\openframeworks\apps\myApps\DianShou_of\obj\Debug\ofxXmlSettings.obj
C:\Users\aske7\Dropbox\DIKU\Bachelor\udvikling\files\openframeworks\apps\myApps\DianShou_of\obj\Debug\OscOutboundPacketStream.obj
C:\Users\aske7\Dropbox\DIKU\Bachelor\udvikling\files\openframeworks\apps\myApps\DianShou_of\obj\Debug\OscPrintReceivedElements.obj
C:\Users\aske7\Dropbox\DIKU\Bachelor\udvikling\files\openframeworks\apps\myApps\DianShou_of\obj\Debug\OscReceivedElements.obj
C:\Users\aske7\Dropbox\DIKU\Bachelor\udvikling\files\openframeworks\apps\myApps\DianShou_of\obj\Debug\OscTypes.obj
C:\Users\aske7\Dropbox\DIKU\Bachelor\udvikling\files\openframeworks\apps\myApps\DianShou_of\obj\Debug\sqlite3.obj
C:\Users\aske7\Dropbox\DIKU\Bachelor\udvikling\files\openframeworks\apps\myApps\DianShou_of\obj\Debug\StrokeRecognizer.obj
C:\Users\aske7\Dropbox\DIKU\Bachelor\udvikling\files\openframeworks\apps\myApps\DianShou_of\obj\Debug\testApp.obj
C:\Users\aske7\Dropbox\DIKU\Bachelor\udvikling\files\openframeworks\apps\myApps\DianShou_of\obj\Debug\textInput.obj
C:\Users\aske7\Dropbox\DIKU\Bachelor\udvikling\files\openframeworks\apps\myApps\DianShou_of\obj\Debug\tinyxml.obj
C:\Users\aske7\Dropbox\DIKU\Bachelor\udvikling\files\openframeworks\apps\myApps\DianShou_of\obj\Debug\tinyxmlerror.obj
C:\Users\aske7\Dropbox\DIKU\Bachelor\udvikling\files\openframeworks\apps\myApps\DianShou_of\obj\Debug\tinyxmlparser.obj
C:\Users\aske7\Dropbox\DIKU\Bachelor\udvikling\files\openframeworks\apps\myApps\DianShou_of\obj\Debug\UdpSocket.obj
C:\Users\aske7\Dropbox\DIKU\Bachelor\udvikling\files\openframeworks\apps\myApps\DianShou_of\obj\Debug\UdpSocketWin.obj
C:\Users\aske7\Dropbox\DIKU\Bachelor\udvikling\files\openframeworks\apps\myApps\DianShou_of\obj\Debug\cl.command.1.tlog
C:\Users\aske7\Dropbox\DIKU\Bachelor\udvikling\files\openframeworks\apps\myApps\DianShou_of\obj\Debug\CL.read.1.tlog
C:\Users\aske7\Dropbox\DIKU\Bachelor\udvikling\files\openframeworks\apps\myApps\DianShou_of\obj\Debug\CL.write.1.tlog
C:\Users\aske7\Dropbox\DIKU\Bachelor\udvikling\files\openframeworks\apps\myApps\DianShou_of\obj\Debug\DianShou_of.write.1.tlog
C:\Users\aske7\Dropbox\DIKU\Bachelor\udvikling\files\openframeworks\apps\myApps\DianShou_of\obj\Debug\link-cvtres.read.1.tlog
C:\Users\aske7\Dropbox\DIKU\Bachelor\udvikling\files\openframeworks\apps\myApps\DianShou_of\obj\Debug\link-cvtres.write.1.tlog
C:\Users\aske7\Dropbox\DIKU\Bachelor\udvikling\files\openframeworks\apps\myApps\DianShou_of\obj\Debug\link-rc.read.1.tlog
C:\Users\aske7\Dropbox\DIKU\Bachelor\udvikling\files\openframeworks\apps\myApps\DianShou_of\obj\Debug\link-rc.write.1.tlog
C:\Users\aske7\Dropbox\DIKU\Bachelor\udvikling\files\openframeworks\apps\myApps\DianShou_of\obj\Debug\link.1136-cvtres.read.1.tlog
C:\Users\aske7\Dropbox\DIKU\Bachelor\udvikling\files\openframeworks\apps\myApps\DianShou_of\obj\Debug\link.1136-cvtres.write.1.tlog
C:\Users\aske7\Dropbox\DIKU\Bachelor\udvikling\files\openframeworks\apps\myApps\DianShou_of\obj\Debug\link.1136-rc.read.1.tlog
C:\Users\aske7\Dropbox\DIKU\Bachelor\udvikling\files\openframeworks\apps\myApps\DianShou_of\obj\Debug\link.1136-rc.write.1.tlog
C:\Users\aske7\Dropbox\DIKU\Bachelor\udvikling\files\openframeworks\apps\myApps\DianShou_of\obj\Debug\link.1136.read.1.tlog
C:\Users\aske7\Dropbox\DIKU\Bachelor\udvikling\files\openframeworks\apps\myApps\DianShou_of\obj\Debug\link.1136.write.1.tlog
C:\Users\aske7\Dropbox\DIKU\Bachelor\udvikling\files\openframeworks\apps\myApps\DianShou_of\obj\Debug\link.1368-cvtres.read.1.tlog
C:\Users\aske7\Dropbox\DIKU\Bachelor\udvikling\files\openframeworks\apps\myApps\DianShou_of\obj\Debug\link.1368-cvtres.write.1.tlog
C:\Users\aske7\Dropbox\DIKU\Bachelor\udvikling\files\openframeworks\apps\myApps\DianShou_of\obj\Debug\link.1368-rc.read.1.tlog
C:\Users\aske7\Dropbox\DIKU\Bachelor\udvikling\files\openframeworks\apps\myApps\DianShou_of\obj\Debug\link.1368-rc.write.1.tlog
C:\Users\aske7\Dropbox\DIKU\Bachelor\udvikling\files\openframeworks\apps\myApps\DianShou_of\obj\Debug\link.1368.read.1.tlog
C:\Users\aske7\Dropbox\DIKU\Bachelor\udvikling\files\openframeworks\apps\myApps\DianShou_of\obj\Debug\link.1368.write.1.tlog
C:\Users\aske7\Dropbox\DIKU\Bachelor\udvikling\files\openframeworks\apps\myApps\DianShou_of\obj\Debug\link.1660-cvtres.read.1.tlog
C:\Users\aske7\Dropbox\DIKU\Bachelor\udvikling\files\openframeworks\apps\myApps\DianShou_of\obj\Debug\link.1660-cvtres.write.1.tlog
C:\Users\aske7\Dropbox\DIKU\Bachelor\udvikling\files\openframeworks\apps\myApps\DianShou_of\obj\Debug\link.1660-rc.read.1.tlog
C:\Users\aske7\Dropbox\DIKU\Bachelor\udvikling\files\openframeworks\apps\myApps\DianShou_of\obj\Debug\link.1660-rc.write.1.tlog
C:\Users\aske7\Dropbox\DIKU\Bachelor\udvikling\files\openframeworks\apps\myApps\DianShou_of\obj\Debug\link.1660.read.1.tlog
C:\Users\aske7\Dropbox\DIKU\Bachelor\udvikling\files\openframeworks\apps\myApps\DianShou_of\obj\Debug\link.1660.write.1.tlog
C:\Users\aske7\Dropbox\DIKU\Bachelor\udvikling\files\openframeworks\apps\myApps\DianShou_of\obj\Debug\link.1952-cvtres.read.1.tlog
C:\Users\aske7\Dropbox\DIKU\Bachelor\udvikling\files\openframeworks\apps\myApps\DianShou_of\obj\Debug\link.1952-cvtres.write.1.tlog
C:\Users\aske7\Dropbox\DIKU\Bachelor\udvikling\files\openframeworks\apps\myApps\DianShou_of\obj\Debug\link.1952-rc.read.1.tlog
C:\Users\aske7\Dropbox\DIKU\Bachelor\udvikling\files\openframeworks\apps\myApps\DianShou_of\obj\Debug\link.1952-rc.write.1.tlog
C:\Users\aske7\Dropbox\DIKU\Bachelor\udvikling\files\openframeworks\apps\myApps\DianShou_of\obj\Debug\link.1952.read.1.tlog
C:\Users\aske7\Dropbox\DIKU\Bachelor\udvikling\files\openframeworks\apps\myApps\DianShou_of\obj\Debug\link.1952.write.1.tlog
C:\Users\aske7\Dropbox\DIKU\Bachelor\udvikling\files\openframeworks\apps\myApps\DianShou_of\obj\Debug\link.2424-cvtres.read.1.tlog
C:\Users\aske7\Dropbox\DIKU\Bachelor\udvikling\files\openframeworks\apps\myApps\DianShou_of\obj\Debug\link.2424-cvtres.write.1.tlog
C:\Users\aske7\Dropbox\DIKU\Bachelor\udvikling\files\openframeworks\apps\myApps\DianShou_of\obj\Debug\link.2424-rc.read.1.tlog
C:\Users\aske7\Dropbox\DIKU\Bachelor\udvikling\files\openframeworks\apps\myApps\DianShou_of\obj\Debug\link.2424-rc.write.1.tlog
C:\Users\aske7\Dropbox\DIKU\Bachelor\udvikling\files\openframeworks\apps\myApps\DianShou_of\obj\Debug\link.2424.read.1.tlog
C:\Users\aske7\Dropbox\DIKU\Bachelor\udvikling\files\openframeworks\apps\myApps\DianShou_of\obj\Debug\link.2424.write.1.tlog
C:\Users\aske7\Dropbox\DIKU\Bachelor\udvikling\files\openframeworks\apps\myApps\DianShou_of\obj\Debug\link.276-cvtres.read.1.tlog
C:\Users\aske7\Dropbox\DIKU\Bachelor\udvikling\files\openframeworks\apps\myApps\DianShou_of\obj\Debug\link.276-cvtres.write.1.tlog
C:\Users\aske7\Dropbox\DIKU\Bachelor\udvikling\files\openframeworks\apps\myApps\DianShou_of\obj\Debug\link.276-rc.read.1.tlog
C:\Users\aske7\Dropbox\DIKU\Bachelor\udvikling\files\openframeworks\apps\myApps\DianShou_of\obj\Debug\link.276-rc.write.1.tlog
C:\Users\aske7\Dropbox\DIKU\Bachelor\udvikling\files\openframeworks\apps\myApps\DianShou_of\obj\Debug\link.276.read.1.tlog
C:\Users\aske7\Dropbox\DIKU\Bachelor\udvikling\files\openframeworks\apps\myApps\DianShou_of\obj\Debug\link.276.write.1.tlog
C:\Users\aske7\Dropbox\DIKU\Bachelor\udvikling\files\openframeworks\apps\myApps\DianShou_of\obj\Debug\link.3048-cvtres.read.1.tlog
C:\Users\aske7\Dropbox\DIKU\Bachelor\udvikling\files\openframeworks\apps\myApps\DianShou_of\obj\Debug\link.3048-cvtres.write.1.tlog
C:\Users\aske7\Dropbox\DIKU\Bachelor\udvikling\files\openframeworks\apps\myApps\DianShou_of\obj\Debug\link.3048-rc.read.1.tlog
C:\Users\aske7\Dropbox\DIKU\Bachelor\udvikling\files\openframeworks\apps\myApps\DianShou_of\obj\Debug\link.3048-rc.write.1.tlog
C:\Users\aske7\Dropbox\DIKU\Bachelor\udvikling\files\openframeworks\apps\myApps\DianShou_of\obj\Debug\link.3048.read.1.tlog
C:\Users\aske7\Dropbox\DIKU\Bachelor\udvikling\files\openframeworks\apps\myApps\DianShou_of\obj\Debug\link.3048.write.1.tlog
C:\Users\aske7\Dropbox\DIKU\Bachelor\udvikling\files\openframeworks\apps\myApps\DianShou_of\obj\Debug\link.3400-cvtres.read.1.tlog
C:\Users\aske7\Dropbox\DIKU\Bachelor\udvikling\files\openframeworks\apps\myApps\DianShou_of\obj\Debug\link.3400-cvtres.write.1.tlog
C:\Users\aske7\Dropbox\DIKU\Bachelor\udvikling\files\openframeworks\apps\myApps\DianShou_of\obj\Debug\link.3400-rc.read.1.tlog
C:\Users\aske7\Dropbox\DIKU\Bachelor\udvikling\files\openframeworks\apps\myApps\DianShou_of\obj\Debug\link.3400-rc.write.1.tlog
C:\Users\aske7\Dropbox\DIKU\Bachelor\udvikling\files\openframeworks\apps\myApps\DianShou_of\obj\Debug\link.3400.read.1.tlog
C:\Users\aske7\Dropbox\DIKU\Bachelor\udvikling\files\openframeworks\apps\myApps\DianShou_of\obj\Debug\link.3400.write.1.tlog
C:\Users\aske7\Dropbox\DIKU\Bachelor\udvikling\files\openframeworks\apps\myApps\DianShou_of\obj\Debug\link.4240-cvtres.read.1.tlog
C:\Users\aske7\Dropbox\DIKU\Bachelor\udvikling\files\openframeworks\apps\myApps\DianShou_of\obj\Debug\link.4240-cvtres.write.1.tlog
C:\Users\aske7\Dropbox\DIKU\Bachelor\udvikling\files\openframeworks\apps\myApps\DianShou_of\obj\Debug\link.4240-rc.read.1.tlog
C:\Users\aske7\Dropbox\DIKU\Bachelor\udvikling\files\openframeworks\apps\myApps\DianShou_of\obj\Debug\link.4240-rc.write.1.tlog
C:\Users\aske7\Dropbox\DIKU\Bachelor\udvikling\files\openframeworks\apps\myApps\DianShou_of\obj\Debug\link.4240.read.1.tlog
C:\Users\aske7\Dropbox\DIKU\Bachelor\udvikling\files\openframeworks\apps\myApps\DianShou_of\obj\Debug\link.4240.write.1.tlog
C:\Users\aske7\Dropbox\DIKU\Bachelor\udvikling\files\openframeworks\apps\myApps\DianShou_of\obj\Debug\link.4256-cvtres.read.1.tlog
C:\Users\aske7\Dropbox\DIKU\Bachelor\udvikling\files\openframeworks\apps\myApps\DianShou_of\obj\Debug\link.4256-cvtres.write.1.tlog
C:\Users\aske7\Dropbox\DIKU\Bachelor\udvikling\files\openframeworks\apps\myApps\DianShou_of\obj\Debug\link.4256-rc.read.1.tlog
C:\Users\aske7\Dropbox\DIKU\Bachelor\udvikling\files\openframeworks\apps\myApps\DianShou_of\obj\Debug\link.4256-rc.write.1.tlog
C:\Users\aske7\Dropbox\DIKU\Bachelor\udvikling\files\openframeworks\apps\myApps\DianShou_of\obj\Debug\link.4256.read.1.tlog
C:\Users\aske7\Dropbox\DIKU\Bachelor\udvikling\files\openframeworks\apps\myApps\DianShou_of\obj\Debug\link.4256.write.1.tlog
C:\Users\aske7\Dropbox\DIKU\Bachelor\udvikling\files\openframeworks\apps\myApps\DianShou_of\obj\Debug\link.4280-cvtres.read.1.tlog
C:\Users\aske7\Dropbox\DIKU\Bachelor\udvikling\files\openframeworks\apps\myApps\DianShou_of\obj\Debug\link.4280-cvtres.write.1.tlog
C:\Users\aske7\Dropbox\DIKU\Bachelor\udvikling\files\openframeworks\apps\myApps\DianShou_of\obj\Debug\link.4280-rc.read.1.tlog
C:\Users\aske7\Dropbox\DIKU\Bachelor\udvikling\files\openframeworks\apps\myApps\DianShou_of\obj\Debug\link.4280-rc.write.1.tlog
C:\Users\aske7\Dropbox\DIKU\Bachelor\udvikling\files\openframeworks\apps\myApps\DianShou_of\obj\Debug\link.4280.read.1.tlog
C:\Users\aske7\Dropbox\DIKU\Bachelor\udvikling\files\openframeworks\apps\myApps\DianShou_of\obj\Debug\link.4280.write.1.tlog
C:\Users\aske7\Dropbox\DIKU\Bachelor\udvikling\files\openframeworks\apps\myApps\DianShou_of\obj\Debug\link.4356-cvtres.read.1.tlog
C:\Users\aske7\Dropbox\DIKU\Bachelor\udvikling\files\openframeworks\apps\myApps\DianShou_of\obj\Debug\link.4356-cvtres.write.1.tlog
C:\Users\aske7\Dropbox\DIKU\Bachelor\udvikling\files\openframeworks\apps\myApps\DianShou_of\obj\Debug\link.4356-rc.read.1.tlog
C:\Users\aske7\Dropbox\DIKU\Bachelor\udvikling\files\openframeworks\apps\myApps\DianShou_of\obj\Debug\link.4356-rc.write.1.tlog
C:\Users\aske7\Dropbox\DIKU\Bachelor\udvikling\files\openframeworks\apps\myApps\DianShou_of\obj\Debug\link.4356.read.1.tlog
C:\Users\aske7\Dropbox\DIKU\Bachelor\udvikling\files\openframeworks\apps\myApps\DianShou_of\obj\Debug\link.4356.write.1.tlog
C:\Users\aske7\Dropbox\DIKU\Bachelor\udvikling\files\openframeworks\apps\myApps\DianShou_of\obj\Debug\link.4440-cvtres.read.1.tlog
C:\Users\aske7\Dropbox\DIKU\Bachelor\udvikling\files\openframeworks\apps\myApps\DianShou_of\obj\Debug\link.4440-cvtres.write.1.tlog
C:\Users\aske7\Dropbox\DIKU\Bachelor\udvikling\files\openframeworks\apps\myApps\DianShou_of\obj\Debug\link.4440-rc.read.1.tlog
C:\Users\aske7\Dropbox\DIKU\Bachelor\udvikling\files\openframeworks\apps\myApps\DianShou_of\obj\Debug\link.4440-rc.write.1.tlog
C:\Users\aske7\Dropbox\DIKU\Bachelor\udvikling\files\openframeworks\apps\myApps\DianShou_of\obj\Debug\link.4440.read.1.tlog
C:\Users\aske7\Dropbox\DIKU\Bachelor\udvikling\files\openframeworks\apps\myApps\DianShou_of\obj\Debug\link.4440.write.1.tlog
C:\Users\aske7\Dropbox\DIKU\Bachelor\udvikling\files\openframeworks\apps\myApps\DianShou_of\obj\Debug\link.4680-cvtres.read.1.tlog
C:\Users\aske7\Dropbox\DIKU\Bachelor\udvikling\files\openframeworks\apps\myApps\DianShou_of\obj\Debug\link.4680-cvtres.write.1.tlog
C:\Users\aske7\Dropbox\DIKU\Bachelor\udvikling\files\openframeworks\apps\myApps\DianShou_of\obj\Debug\link.4680-rc.read.1.tlog
C:\Users\aske7\Dropbox\DIKU\Bachelor\udvikling\files\openframeworks\apps\myApps\DianShou_of\obj\Debug\link.4680-rc.write.1.tlog
C:\Users\aske7\Dropbox\DIKU\Bachelor\udvikling\files\openframeworks\apps\myApps\DianShou_of\obj\Debug\link.4680.read.1.tlog
C:\Users\aske7\Dropbox\DIKU\Bachelor\udvikling\files\openframeworks\apps\myApps\DianShou_of\obj\Debug\link.4680.write.1.tlog
C:\Users\aske7\Dropbox\DIKU\Bachelor\udvikling\files\openframeworks\apps\myApps\DianShou_of\obj\Debug\link.4936-cvtres.read.1.tlog
C:\Users\aske7\Dropbox\DIKU\Bachelor\udvikling\files\openframeworks\apps\myApps\DianShou_of\obj\Debug\link.4936-cvtres.write.1.tlog
C:\Users\aske7\Dropbox\DIKU\Bachelor\udvikling\files\openframeworks\apps\myApps\DianShou_of\obj\Debug\link.4936-rc.read.1.tlog
C:\Users\aske7\Dropbox\DIKU\Bachelor\udvikling\files\openframeworks\apps\myApps\DianShou_of\obj\Debug\link.4936-rc.write.1.tlog
C:\Users\aske7\Dropbox\DIKU\Bachelor\udvikling\files\openframeworks\apps\myApps\DianShou_of\obj\Debug\link.4936.read.1.tlog
C:\Users\aske7\Dropbox\DIKU\Bachelor\udvikling\files\openframeworks\apps\myApps\DianShou_of\obj\Debug\link.4936.write.1.tlog
C:\Users\aske7\Dropbox\DIKU\Bachelor\udvikling\files\openframeworks\apps\myApps\DianShou_of\obj\Debug\link.4948-cvtres.read.1.tlog
C:\Users\aske7\Dropbox\DIKU\Bachelor\udvikling\files\openframeworks\apps\myApps\DianShou_of\obj\Debug\link.4948-cvtres.write.1.tlog
C:\Users\aske7\Dropbox\DIKU\Bachelor\udvikling\files\openframeworks\apps\myApps\DianShou_of\obj\Debug\link.4948-rc.read.1.tlog
C:\Users\aske7\Dropbox\DIKU\Bachelor\udvikling\files\openframeworks\apps\myApps\DianShou_of\obj\Debug\link.4948-rc.write.1.tlog
C:\Users\aske7\Dropbox\DIKU\Bachelor\udvikling\files\openframeworks\apps\myApps\DianShou_of\obj\Debug\link.4948.read.1.tlog
C:\Users\aske7\Dropbox\DIKU\Bachelor\udvikling\files\openframeworks\apps\myApps\DianShou_of\obj\Debug\link.4948.write.1.tlog
C:\Users\aske7\Dropbox\DIKU\Bachelor\udvikling\files\openframeworks\apps\myApps\DianShou_of\obj\Debug\link.5156-cvtres.read.1.tlog
C:\Users\aske7\Dropbox\DIKU\Bachelor\udvikling\files\openframeworks\apps\myApps\DianShou_of\obj\Debug\link.5156-cvtres.write.1.tlog
C:\Users\aske7\Dropbox\DIKU\Bachelor\udvikling\files\openframeworks\apps\myApps\DianShou_of\obj\Debug\link.5156-rc.read.1.tlog
C:\Users\aske7\Dropbox\DIKU\Bachelor\udvikling\files\openframeworks\apps\myApps\DianShou_of\obj\Debug\link.5156-rc.write.1.tlog
C:\Users\aske7\Dropbox\DIKU\Bachelor\udvikling\files\openframeworks\apps\myApps\DianShou_of\obj\Debug\link.5156.read.1.tlog
C:\Users\aske7\Dropbox\DIKU\Bachelor\udvikling\files\openframeworks\apps\myApps\DianShou_of\obj\Debug\link.5156.write.1.tlog
C:\Users\aske7\Dropbox\DIKU\Bachelor\udvikling\files\openframeworks\apps\myApps\DianShou_of\obj\Debug\link.5204-cvtres.read.1.tlog
C:\Users\aske7\Dropbox\DIKU\Bachelor\udvikling\files\openframeworks\apps\myApps\DianShou_of\obj\Debug\link.5204-cvtres.write.1.tlog
C:\Users\aske7\Dropbox\DIKU\Bachelor\udvikling\files\openframeworks\apps\myApps\DianShou_of\obj\Debug\link.5204-rc.read.1.tlog
C:\Users\aske7\Dropbox\DIKU\Bachelor\udvikling\files\openframeworks\apps\myApps\DianShou_of\obj\Debug\link.5204-rc.write.1.tlog
C:\Users\aske7\Dropbox\DIKU\Bachelor\udvikling\files\openframeworks\apps\myApps\DianShou_of\obj\Debug\link.5204.read.1.tlog
C:\Users\aske7\Dropbox\DIKU\Bachelor\udvikling\files\openframeworks\apps\myApps\DianShou_of\obj\Debug\link.5204.write.1.tlog
C:\Users\aske7\Dropbox\DIKU\Bachelor\udvikling\files\openframeworks\apps\myApps\DianShou_of\obj\Debug\link.5248-cvtres.read.1.tlog
C:\Users\aske7\Dropbox\DIKU\Bachelor\udvikling\files\openframeworks\apps\myApps\DianShou_of\obj\Debug\link.5248-cvtres.write.1.tlog
C:\Users\aske7\Dropbox\DIKU\Bachelor\udvikling\files\openframeworks\apps\myApps\DianShou_of\obj\Debug\link.5248-rc.read.1.tlog
C:\Users\aske7\Dropbox\DIKU\Bachelor\udvikling\files\openframeworks\apps\myApps\DianShou_of\obj\Debug\link.5248-rc.write.1.tlog
C:\Users\aske7\Dropbox\DIKU\Bachelor\udvikling\files\openframeworks\apps\myApps\DianShou_of\obj\Debug\link.5248.read.1.tlog
C:\Users\aske7\Dropbox\DIKU\Bachelor\udvikling\files\openframeworks\apps\myApps\DianShou_of\obj\Debug\link.5248.write.1.tlog
C:\Users\aske7\Dropbox\DIKU\Bachelor\udvikling\files\openframeworks\apps\myApps\DianShou_of\obj\Debug\link.5264-cvtres.read.1.tlog
C:\Users\aske7\Dropbox\DIKU\Bachelor\udvikling\files\openframeworks\apps\myApps\DianShou_of\obj\Debug\link.5264-cvtres.write.1.tlog
C:\Users\aske7\Dropbox\DIKU\Bachelor\udvikling\files\openframeworks\apps\myApps\DianShou_of\obj\Debug\link.5264-rc.read.1.tlog
C:\Users\aske7\Dropbox\DIKU\Bachelor\udvikling\files\openframeworks\apps\myApps\DianShou_of\obj\Debug\link.5264-rc.write.1.tlog
C:\Users\aske7\Dropbox\DIKU\Bachelor\udvikling\files\openframeworks\apps\myApps\DianShou_of\obj\Debug\link.5264.read.1.tlog
C:\Users\aske7\Dropbox\DIKU\Bachelor\udvikling\files\openframeworks\apps\myApps\DianShou_of\obj\Debug\link.5264.write.1.tlog
C:\Users\aske7\Dropbox\DIKU\Bachelor\udvikling\files\openframeworks\apps\myApps\DianShou_of\obj\Debug\link.5284-cvtres.read.1.tlog
C:\Users\aske7\Dropbox\DIKU\Bachelor\udvikling\files\openframeworks\apps\myApps\DianShou_of\obj\Debug\link.5284-cvtres.write.1.tlog
C:\Users\aske7\Dropbox\DIKU\Bachelor\udvikling\files\openframeworks\apps\myApps\DianShou_of\obj\Debug\link.5284-rc.read.1.tlog
C:\Users\aske7\Dropbox\DIKU\Bachelor\udvikling\files\openframeworks\apps\myApps\DianShou_of\obj\Debug\link.5284-rc.write.1.tlog
C:\Users\aske7\Dropbox\DIKU\Bachelor\udvikling\files\openframeworks\apps\myApps\DianShou_of\obj\Debug\link.5284.read.1.tlog
C:\Users\aske7\Dropbox\DIKU\Bachelor\udvikling\files\openframeworks\apps\myApps\DianShou_of\obj\Debug\link.5284.write.1.tlog
C:\Users\aske7\Dropbox\DIKU\Bachelor\udvikling\files\openframeworks\apps\myApps\DianShou_of\obj\Debug\link.5328-cvtres.read.1.tlog
C:\Users\aske7\Dropbox\DIKU\Bachelor\udvikling\files\openframeworks\apps\myApps\DianShou_of\obj\Debug\link.5328-cvtres.write.1.tlog
C:\Users\aske7\Dropbox\DIKU\Bachelor\udvikling\files\openframeworks\apps\myApps\DianShou_of\obj\Debug\link.5328-rc.read.1.tlog
C:\Users\aske7\Dropbox\DIKU\Bachelor\udvikling\files\openframeworks\apps\myApps\DianShou_of\obj\Debug\link.5328-rc.write.1.tlog
C:\Users\aske7\Dropbox\DIKU\Bachelor\udvikling\files\openframeworks\apps\myApps\DianShou_of\obj\Debug\link.5328.read.1.tlog
C:\Users\aske7\Dropbox\DIKU\Bachelor\udvikling\files\openframeworks\apps\myApps\DianShou_of\obj\Debug\link.5328.write.1.tlog
C:\Users\aske7\Dropbox\DIKU\Bachelor\udvikling\files\openframeworks\apps\myApps\DianShou_of\obj\Debug\link.5508-cvtres.read.1.tlog
C:\Users\aske7\Dropbox\DIKU\Bachelor\udvikling\files\openframeworks\apps\myApps\DianShou_of\obj\Debug\link.5508-cvtres.write.1.tlog
C:\Users\aske7\Dropbox\DIKU\Bachelor\udvikling\files\openframeworks\apps\myApps\DianShou_of\obj\Debug\link.5508-rc.read.1.tlog
C:\Users\aske7\Dropbox\DIKU\Bachelor\udvikling\files\openframeworks\apps\myApps\DianShou_of\obj\Debug\link.5508-rc.write.1.tlog
C:\Users\aske7\Dropbox\DIKU\Bachelor\udvikling\files\openframeworks\apps\myApps\DianShou_of\obj\Debug\link.5508.read.1.tlog
C:\Users\aske7\Dropbox\DIKU\Bachelor\udvikling\files\openframeworks\apps\myApps\DianShou_of\obj\Debug\link.5508.write.1.tlog
C:\Users\aske7\Dropbox\DIKU\Bachelor\udvikling\files\openframeworks\apps\myApps\DianShou_of\obj\Debug\link.5584-cvtres.read.1.tlog
C:\Users\aske7\Dropbox\DIKU\Bachelor\udvikling\files\openframeworks\apps\myApps\DianShou_of\obj\Debug\link.5584-cvtres.write.1.tlog
C:\Users\aske7\Dropbox\DIKU\Bachelor\udvikling\files\openframeworks\apps\myApps\DianShou_of\obj\Debug\link.5584-rc.read.1.tlog
C:\Users\aske7\Dropbox\DIKU\Bachelor\udvikling\files\openframeworks\apps\myApps\DianShou_of\obj\Debug\link.5584-rc.write.1.tlog
C:\Users\aske7\Dropbox\DIKU\Bachelor\udvikling\files\openframeworks\apps\myApps\DianShou_of\obj\Debug\link.5584.read.1.tlog
C:\Users\aske7\Dropbox\DIKU\Bachelor\udvikling\files\openframeworks\apps\myApps\DianShou_of\obj\Debug\link.5584.write.1.tlog
C:\Users\aske7\Dropbox\DIKU\Bachelor\udvikling\files\openframeworks\apps\myApps\DianShou_of\obj\Debug\link.5596-cvtres.read.1.tlog
C:\Users\aske7\Dropbox\DIKU\Bachelor\udvikling\files\openframeworks\apps\myApps\DianShou_of\obj\Debug\link.5596-cvtres.write.1.tlog
C:\Users\aske7\Dropbox\DIKU\Bachelor\udvikling\files\openframeworks\apps\myApps\DianShou_of\obj\Debug\link.5596-rc.read.1.tlog
C:\Users\aske7\Dropbox\DIKU\Bachelor\udvikling\files\openframeworks\apps\myApps\DianShou_of\obj\Debug\link.5596-rc.write.1.tlog
C:\Users\aske7\Dropbox\DIKU\Bachelor\udvikling\files\openframeworks\apps\myApps\DianShou_of\obj\Debug\link.5596.read.1.tlog
C:\Users\aske7\Dropbox\DIKU\Bachelor\udvikling\files\openframeworks\apps\myApps\DianShou_of\obj\Debug\link.5596.write.1.tlog
C:\Users\aske7\Dropbox\DIKU\Bachelor\udvikling\files\openframeworks\apps\myApps\DianShou_of\obj\Debug\link.5836-cvtres.read.1.tlog
C:\Users\aske7\Dropbox\DIKU\Bachelor\udvikling\files\openframeworks\apps\myApps\DianShou_of\obj\Debug\link.5836-cvtres.write.1.tlog
C:\Users\aske7\Dropbox\DIKU\Bachelor\udvikling\files\openframeworks\apps\myApps\DianShou_of\obj\Debug\link.5836-rc.read.1.tlog
C:\Users\aske7\Dropbox\DIKU\Bachelor\udvikling\files\openframeworks\apps\myApps\DianShou_of\obj\Debug\link.5836-rc.write.1.tlog
C:\Users\aske7\Dropbox\DIKU\Bachelor\udvikling\files\openframeworks\apps\myApps\DianShou_of\obj\Debug\link.5836.read.1.tlog
C:\Users\aske7\Dropbox\DIKU\Bachelor\udvikling\files\openframeworks\apps\myApps\DianShou_of\obj\Debug\link.5836.write.1.tlog
C:\Users\aske7\Dropbox\DIKU\Bachelor\udvikling\files\openframeworks\apps\myApps\DianShou_of\obj\Debug\link.5872-cvtres.read.1.tlog
C:\Users\aske7\Dropbox\DIKU\Bachelor\udvikling\files\openframeworks\apps\myApps\DianShou_of\obj\Debug\link.5872-cvtres.write.1.tlog
C:\Users\aske7\Dropbox\DIKU\Bachelor\udvikling\files\openframeworks\apps\myApps\DianShou_of\obj\Debug\link.5872-rc.read.1.tlog
C:\Users\aske7\Dropbox\DIKU\Bachelor\udvikling\files\openframeworks\apps\myApps\DianShou_of\obj\Debug\link.5872-rc.write.1.tlog
C:\Users\aske7\Dropbox\DIKU\Bachelor\udvikling\files\openframeworks\apps\myApps\DianShou_of\obj\Debug\link.5872.read.1.tlog
C:\Users\aske7\Dropbox\DIKU\Bachelor\udvikling\files\openframeworks\apps\myApps\DianShou_of\obj\Debug\link.5872.write.1.tlog
C:\Users\aske7\Dropbox\DIKU\Bachelor\udvikling\files\openframeworks\apps\myApps\DianShou_of\obj\Debug\link.5920-cvtres.read.1.tlog
C:\Users\aske7\Dropbox\DIKU\Bachelor\udvikling\files\openframeworks\apps\myApps\DianShou_of\obj\Debug\link.5920-cvtres.write.1.tlog
C:\Users\aske7\Dropbox\DIKU\Bachelor\udvikling\files\openframeworks\apps\myApps\DianShou_of\obj\Debug\link.5920-rc.read.1.tlog
C:\Users\aske7\Dropbox\DIKU\Bachelor\udvikling\files\openframeworks\apps\myApps\DianShou_of\obj\Debug\link.5920-rc.write.1.tlog
C:\Users\aske7\Dropbox\DIKU\Bachelor\udvikling\files\openframeworks\apps\myApps\DianShou_of\obj\Debug\link.5920.read.1.tlog
C:\Users\aske7\Dropbox\DIKU\Bachelor\udvikling\files\openframeworks\apps\myApps\DianShou_of\obj\Debug\link.5920.write.1.tlog
C:\Users\aske7\Dropbox\DIKU\Bachelor\udvikling\files\openframeworks\apps\myApps\DianShou_of\obj\Debug\link.6076-cvtres.read.1.tlog
C:\Users\aske7\Dropbox\DIKU\Bachelor\udvikling\files\openframeworks\apps\myApps\DianShou_of\obj\Debug\link.6076-cvtres.write.1.tlog
C:\Users\aske7\Dropbox\DIKU\Bachelor\udvikling\files\openframeworks\apps\myApps\DianShou_of\obj\Debug\link.6076-rc.read.1.tlog
C:\Users\aske7\Dropbox\DIKU\Bachelor\udvikling\files\openframeworks\apps\myApps\DianShou_of\obj\Debug\link.6076-rc.write.1.tlog
C:\Users\aske7\Dropbox\DIKU\Bachelor\udvikling\files\openframeworks\apps\myApps\DianShou_of\obj\Debug\link.6076.read.1.tlog
C:\Users\aske7\Dropbox\DIKU\Bachelor\udvikling\files\openframeworks\apps\myApps\DianShou_of\obj\Debug\link.6076.write.1.tlog
C:\Users\aske7\Dropbox\DIKU\Bachelor\udvikling\files\openframeworks\apps\myApps\DianShou_of\obj\Debug\link.6132-cvtres.read.1.tlog
C:\Users\aske7\Dropbox\DIKU\Bachelor\udvikling\files\openframeworks\apps\myApps\DianShou_of\obj\Debug\link.6132-cvtres.write.1.tlog
C:\Users\aske7\Dropbox\DIKU\Bachelor\udvikling\files\openframeworks\apps\myApps\DianShou_of\obj\Debug\link.6132-rc.read.1.tlog
C:\Users\aske7\Dropbox\DIKU\Bachelor\udvikling\files\openframeworks\apps\myApps\DianShou_of\obj\Debug\link.6132-rc.write.1.tlog
C:\Users\aske7\Dropbox\DIKU\Bachelor\udvikling\files\openframeworks\apps\myApps\DianShou_of\obj\Debug\link.6132.read.1.tlog
C:\Users\aske7\Dropbox\DIKU\Bachelor\udvikling\files\openframeworks\apps\myApps\DianShou_of\obj\Debug\link.6132.write.1.tlog
C:\Users\aske7\Dropbox\DIKU\Bachelor\udvikling\files\openframeworks\apps\myApps\DianShou_of\obj\Debug\link.848-cvtres.read.1.tlog
C:\Users\aske7\Dropbox\DIKU\Bachelor\udvikling\files\openframeworks\apps\myApps\DianShou_of\obj\Debug\link.848-cvtres.write.1.tlog
C:\Users\aske7\Dropbox\DIKU\Bachelor\udvikling\files\openframeworks\apps\myApps\DianShou_of\obj\Debug\link.848-rc.read.1.tlog
C:\Users\aske7\Dropbox\DIKU\Bachelor\udvikling\files\openframeworks\apps\myApps\DianShou_of\obj\Debug\link.848-rc.write.1.tlog
C:\Users\aske7\Dropbox\DIKU\Bachelor\udvikling\files\openframeworks\apps\myApps\DianShou_of\obj\Debug\link.848.read.1.tlog
C:\Users\aske7\Dropbox\DIKU\Bachelor\udvikling\files\openframeworks\apps\myApps\DianShou_of\obj\Debug\link.848.write.1.tlog
C:\Users\aske7\Dropbox\DIKU\Bachelor\udvikling\files\openframeworks\apps\myApps\DianShou_of\obj\Debug\link.command.1.tlog
C:\Users\aske7\Dropbox\DIKU\Bachelor\udvikling\files\openframeworks\apps\myApps\DianShou_of\obj\Debug\link.read.1.tlog
C:\Users\aske7\Dropbox\DIKU\Bachelor\udvikling\files\openframeworks\apps\myApps\DianShou_of\obj\Debug\link.write.1.tlog
C:\Users\aske7\Dropbox\DIKU\Bachelor\udvikling\files\openframeworks\apps\myApps\DianShou_of\obj\Debug\vc110.idb
C:\Users\aske7\Dropbox\DIKU\Bachelor\udvikling\files\openframeworks\apps\myApps\DianShou_of\obj\Debug\vc110.pdb
C:\Users\aske7\Dropbox\DIKU\Bachelor\udvikling\files\openframeworks\apps\myApps\DianShou_of\bin\DianShou_of_debug.exe
